<?xml version="1.0" encoding="utf-8"?>
<!DOCTYPE coverage SYSTEM "http://cobertura.sourceforge.net/xml/coverage-04.dtd">
<coverage line-rate="0.97770154373928" branch-rate="0.927125506072874" lines-covered="570" lines-valid="583" branches-covered="229" branches-valid="247" complexity="164" version="0" timestamp="1729037979">
  <sources />
  <packages>
    <package name="DuongHoangLanAnh_Module03" line-rate="0.97770154373928" branch-rate="0.927125506072874" complexity="164">
      <classes>
        <class name="DuongHoangLanAnh_Module03.Bai01" filename="D:\LAP TRINH C#\Software Testing\DuongHoangLanAnh_Module03\DuongHoangLanAnh_Module03\Bai01.cs" line-rate="1" branch-rate="1" complexity="1">
          <methods>
            <method name="TestContext" signature="()" line-rate="1" branch-rate="1" complexity="NaN">
              <lines>
                <line number="9" hits="35" branch="false" />
              </lines>
            </method>
            <method name="TestContext" signature="(Microsoft.VisualStudio.TestTools.UnitTesting.TestContext)" line-rate="1" branch-rate="1" complexity="NaN">
              <lines>
                <line number="9" hits="35" branch="false" />
              </lines>
            </method>
            <method name="getPositionOf2Cir_DataDrivenTest" signature="()" line-rate="1" branch-rate="1" complexity="1">
              <lines>
                <line number="14" hits="7" branch="false" />
                <line number="15" hits="7" branch="false" />
                <line number="16" hits="7" branch="false" />
                <line number="17" hits="7" branch="false" />
                <line number="18" hits="7" branch="false" />
                <line number="20" hits="7" branch="false" />
                <line number="21" hits="7" branch="false" />
                <line number="22" hits="7" branch="false" />
              </lines>
            </method>
            <method name="getPositionOf2Cir" signature="(System.Int32,System.Int32,System.Int32)" line-rate="1" branch-rate="1" complexity="NaN">
              <lines>
                <line number="25" hits="7" branch="false" />
                <line number="26" hits="7" branch="true" condition-coverage="100% (2/2)" />
                <line number="27" hits="2" branch="false" />
                <line number="28" hits="2" branch="true" condition-coverage="100% (2/2)" />
                <line number="29" hits="1" branch="false" />
                <line number="31" hits="1" branch="false" />
                <line number="33" hits="5" branch="true" condition-coverage="100% (2/2)" />
                <line number="34" hits="1" branch="false" />
                <line number="35" hits="4" branch="true" condition-coverage="100% (2/2)" />
                <line number="36" hits="3" branch="false" />
                <line number="38" hits="1" branch="false" />
                <line number="39" hits="7" branch="false" />
              </lines>
            </method>
          </methods>
          <lines>
            <line number="9" hits="35" branch="false" />
            <line number="14" hits="7" branch="false" />
            <line number="15" hits="7" branch="false" />
            <line number="16" hits="7" branch="false" />
            <line number="17" hits="7" branch="false" />
            <line number="18" hits="7" branch="false" />
            <line number="20" hits="7" branch="false" />
            <line number="21" hits="7" branch="false" />
            <line number="22" hits="7" branch="false" />
            <line number="25" hits="7" branch="false" />
            <line number="26" hits="7" branch="true" condition-coverage="100% (2/2)" />
            <line number="27" hits="2" branch="false" />
            <line number="28" hits="2" branch="true" condition-coverage="100% (2/2)" />
            <line number="29" hits="1" branch="false" />
            <line number="31" hits="1" branch="false" />
            <line number="33" hits="5" branch="true" condition-coverage="100% (2/2)" />
            <line number="34" hits="1" branch="false" />
            <line number="35" hits="4" branch="true" condition-coverage="100% (2/2)" />
            <line number="36" hits="3" branch="false" />
            <line number="38" hits="1" branch="false" />
            <line number="39" hits="7" branch="false" />
          </lines>
        </class>
        <class name="DuongHoangLanAnh_Module03.Bai02" filename="D:\LAP TRINH C#\Software Testing\DuongHoangLanAnh_Module03\DuongHoangLanAnh_Module03\Bai02.cs" line-rate="1" branch-rate="1" complexity="1">
          <methods>
            <method name="TestContext" signature="()" line-rate="1" branch-rate="1" complexity="NaN">
              <lines>
                <line number="13" hits="20" branch="false" />
              </lines>
            </method>
            <method name="TestContext" signature="(Microsoft.VisualStudio.TestTools.UnitTesting.TestContext)" line-rate="1" branch-rate="1" complexity="NaN">
              <lines>
                <line number="13" hits="20" branch="false" />
              </lines>
            </method>
            <method name="FunctionToTest_DataDrivenTest" signature="()" line-rate="1" branch-rate="1" complexity="1">
              <lines>
                <line number="18" hits="4" branch="false" />
                <line number="19" hits="4" branch="false" />
                <line number="20" hits="4" branch="false" />
                <line number="21" hits="4" branch="false" />
                <line number="22" hits="4" branch="false" />
                <line number="24" hits="4" branch="false" />
                <line number="25" hits="4" branch="false" />
                <line number="26" hits="4" branch="false" />
              </lines>
            </method>
            <method name="FunctionToTest" signature="(System.Int32,System.Int32,System.Int32)" line-rate="1" branch-rate="1" complexity="NaN">
              <lines>
                <line number="29" hits="4" branch="false" />
                <line number="30" hits="4" branch="true" condition-coverage="100% (4/4)" />
                <line number="31" hits="1" branch="false" />
                <line number="32" hits="1" branch="false" />
                <line number="35" hits="3" branch="false" />
                <line number="36" hits="3" branch="true" condition-coverage="100% (2/2)" />
                <line number="37" hits="1" branch="false" />
                <line number="38" hits="1" branch="false" />
                <line number="41" hits="2" branch="false" />
                <line number="42" hits="2" branch="true" condition-coverage="100% (2/2)" />
                <line number="43" hits="1" branch="false" />
                <line number="44" hits="1" branch="false" />
                <line number="47" hits="1" branch="false" />
                <line number="48" hits="1" branch="false" />
                <line number="52" hits="4" branch="false" />
              </lines>
            </method>
          </methods>
          <lines>
            <line number="13" hits="20" branch="false" />
            <line number="18" hits="4" branch="false" />
            <line number="19" hits="4" branch="false" />
            <line number="20" hits="4" branch="false" />
            <line number="21" hits="4" branch="false" />
            <line number="22" hits="4" branch="false" />
            <line number="24" hits="4" branch="false" />
            <line number="25" hits="4" branch="false" />
            <line number="26" hits="4" branch="false" />
            <line number="29" hits="4" branch="false" />
            <line number="30" hits="4" branch="true" condition-coverage="100% (4/4)" />
            <line number="31" hits="1" branch="false" />
            <line number="32" hits="1" branch="false" />
            <line number="35" hits="3" branch="false" />
            <line number="36" hits="3" branch="true" condition-coverage="100% (2/2)" />
            <line number="37" hits="1" branch="false" />
            <line number="38" hits="1" branch="false" />
            <line number="41" hits="2" branch="false" />
            <line number="42" hits="2" branch="true" condition-coverage="100% (2/2)" />
            <line number="43" hits="1" branch="false" />
            <line number="44" hits="1" branch="false" />
            <line number="47" hits="1" branch="false" />
            <line number="48" hits="1" branch="false" />
            <line number="52" hits="4" branch="false" />
          </lines>
        </class>
        <class name="DuongHoangLanAnh_Module03.Bai03" filename="D:\LAP TRINH C#\Software Testing\DuongHoangLanAnh_Module03\DuongHoangLanAnh_Module03\Bai03.cs" line-rate="0.911764705882353" branch-rate="0.833333333333333" complexity="1">
          <methods>
            <method name="TestContext" signature="()" line-rate="1" branch-rate="1" complexity="NaN">
              <lines>
                <line number="13" hits="24" branch="false" />
              </lines>
            </method>
            <method name="TestContext" signature="(Microsoft.VisualStudio.TestTools.UnitTesting.TestContext)" line-rate="1" branch-rate="1" complexity="NaN">
              <lines>
                <line number="13" hits="24" branch="false" />
              </lines>
            </method>
            <method name="MaxAndMean_DataDrivenTest" signature="()" line-rate="1" branch-rate="1" complexity="1">
              <lines>
                <line number="18" hits="4" branch="false" />
                <line number="19" hits="4" branch="false" />
                <line number="20" hits="4" branch="false" />
                <line number="21" hits="4" branch="false" />
                <line number="22" hits="4" branch="false" />
                <line number="23" hits="4" branch="false" />
                <line number="26" hits="4" branch="false" />
                <line number="27" hits="4" branch="false" />
                <line number="28" hits="4" branch="false" />
                <line number="29" hits="4" branch="false" />
              </lines>
            </method>
            <method name="MaxAndMean" signature="(System.Int32,System.Int32,System.Int32,System.Double&amp;)" line-rate="0.869565217391304" branch-rate="0.833333333333333" complexity="NaN">
              <lines>
                <line number="32" hits="4" branch="false" />
                <line number="33" hits="4" branch="false" />
                <line number="35" hits="4" branch="true" condition-coverage="100% (2/2)" />
                <line number="36" hits="1" branch="false" />
                <line number="37" hits="1" branch="true" condition-coverage="50% (1/2)" />
                <line number="38" hits="1" branch="false" />
                <line number="39" hits="1" branch="false" />
                <line number="40" hits="1" branch="false" />
                <line number="42" hits="0" branch="false" />
                <line number="43" hits="0" branch="false" />
                <line number="44" hits="0" branch="false" />
                <line number="45" hits="1" branch="false" />
                <line number="47" hits="3" branch="false" />
                <line number="48" hits="3" branch="true" condition-coverage="100% (2/2)" />
                <line number="49" hits="2" branch="false" />
                <line number="50" hits="2" branch="false" />
                <line number="51" hits="2" branch="false" />
                <line number="53" hits="1" branch="false" />
                <line number="54" hits="1" branch="false" />
                <line number="55" hits="1" branch="false" />
                <line number="56" hits="3" branch="false" />
                <line number="57" hits="4" branch="false" />
                <line number="58" hits="4" branch="false" />
              </lines>
            </method>
          </methods>
          <lines>
            <line number="13" hits="24" branch="false" />
            <line number="18" hits="4" branch="false" />
            <line number="19" hits="4" branch="false" />
            <line number="20" hits="4" branch="false" />
            <line number="21" hits="4" branch="false" />
            <line number="22" hits="4" branch="false" />
            <line number="23" hits="4" branch="false" />
            <line number="26" hits="4" branch="false" />
            <line number="27" hits="4" branch="false" />
            <line number="28" hits="4" branch="false" />
            <line number="29" hits="4" branch="false" />
            <line number="32" hits="4" branch="false" />
            <line number="33" hits="4" branch="false" />
            <line number="35" hits="4" branch="true" condition-coverage="100% (2/2)" />
            <line number="36" hits="1" branch="false" />
            <line number="37" hits="1" branch="true" condition-coverage="50% (1/2)" />
            <line number="38" hits="1" branch="false" />
            <line number="39" hits="1" branch="false" />
            <line number="40" hits="1" branch="false" />
            <line number="42" hits="0" branch="false" />
            <line number="43" hits="0" branch="false" />
            <line number="44" hits="0" branch="false" />
            <line number="45" hits="1" branch="false" />
            <line number="47" hits="3" branch="false" />
            <line number="48" hits="3" branch="true" condition-coverage="100% (2/2)" />
            <line number="49" hits="2" branch="false" />
            <line number="50" hits="2" branch="false" />
            <line number="51" hits="2" branch="false" />
            <line number="53" hits="1" branch="false" />
            <line number="54" hits="1" branch="false" />
            <line number="55" hits="1" branch="false" />
            <line number="56" hits="3" branch="false" />
            <line number="57" hits="4" branch="false" />
            <line number="58" hits="4" branch="false" />
          </lines>
        </class>
        <class name="DuongHoangLanAnh_Module03.Bai04" filename="D:\LAP TRINH C#\Software Testing\DuongHoangLanAnh_Module03\DuongHoangLanAnh_Module03\Bai04.cs" line-rate="1" branch-rate="1" complexity="1">
          <methods>
            <method name="TestContext" signature="()" line-rate="1" branch-rate="1" complexity="NaN">
              <lines>
                <line number="13" hits="24" branch="false" />
              </lines>
            </method>
            <method name="TestContext" signature="(Microsoft.VisualStudio.TestTools.UnitTesting.TestContext)" line-rate="1" branch-rate="1" complexity="NaN">
              <lines>
                <line number="13" hits="24" branch="false" />
              </lines>
            </method>
            <method name="Max_DataDrivenTest" signature="()" line-rate="1" branch-rate="1" complexity="1">
              <lines>
                <line number="18" hits="4" branch="false" />
                <line number="19" hits="4" branch="false" />
                <line number="20" hits="4" branch="false" />
                <line number="21" hits="4" branch="false" />
                <line number="22" hits="4" branch="false" />
                <line number="23" hits="4" branch="false" />
                <line number="25" hits="4" branch="false" />
                <line number="26" hits="4" branch="false" />
                <line number="27" hits="4" branch="false" />
                <line number="28" hits="4" branch="false" />
                <line number="29" hits="4" branch="false" />
              </lines>
            </method>
            <method name="Max" signature="(System.Int32,System.Int32,System.Int32)" line-rate="1" branch-rate="1" complexity="NaN">
              <lines>
                <line number="32" hits="4" branch="false" />
                <line number="33" hits="4" branch="false" />
                <line number="34" hits="4" branch="true" condition-coverage="100% (6/6)" />
                <line number="35" hits="3" branch="false" />
                <line number="37" hits="1" branch="false" />
                <line number="38" hits="3" branch="true" condition-coverage="100% (2/2)" />
                <line number="39" hits="2" branch="false" />
                <line number="40" hits="3" branch="true" condition-coverage="100% (2/2)" />
                <line number="41" hits="2" branch="false" />
                <line number="42" hits="3" branch="false" />
                <line number="43" hits="4" branch="false" />
              </lines>
            </method>
          </methods>
          <lines>
            <line number="13" hits="24" branch="false" />
            <line number="18" hits="4" branch="false" />
            <line number="19" hits="4" branch="false" />
            <line number="20" hits="4" branch="false" />
            <line number="21" hits="4" branch="false" />
            <line number="22" hits="4" branch="false" />
            <line number="23" hits="4" branch="false" />
            <line number="25" hits="4" branch="false" />
            <line number="26" hits="4" branch="false" />
            <line number="27" hits="4" branch="false" />
            <line number="28" hits="4" branch="false" />
            <line number="29" hits="4" branch="false" />
            <line number="32" hits="4" branch="false" />
            <line number="33" hits="4" branch="false" />
            <line number="34" hits="4" branch="true" condition-coverage="100% (6/6)" />
            <line number="35" hits="3" branch="false" />
            <line number="37" hits="1" branch="false" />
            <line number="38" hits="3" branch="true" condition-coverage="100% (2/2)" />
            <line number="39" hits="2" branch="false" />
            <line number="40" hits="3" branch="true" condition-coverage="100% (2/2)" />
            <line number="41" hits="2" branch="false" />
            <line number="42" hits="3" branch="false" />
            <line number="43" hits="4" branch="false" />
          </lines>
        </class>
        <class name="DuongHoangLanAnh_Module03.Bai05" filename="D:\LAP TRINH C#\Software Testing\DuongHoangLanAnh_Module03\DuongHoangLanAnh_Module03\Bai05.cs" line-rate="0.930232558139535" branch-rate="0.884615384615385" complexity="1">
          <methods>
            <method name="TestContext" signature="()" line-rate="1" branch-rate="1" complexity="NaN">
              <lines>
                <line number="13" hits="45" branch="false" />
              </lines>
            </method>
            <method name="TestContext" signature="(Microsoft.VisualStudio.TestTools.UnitTesting.TestContext)" line-rate="1" branch-rate="1" complexity="NaN">
              <lines>
                <line number="13" hits="45" branch="false" />
              </lines>
            </method>
            <method name="Triangle_DataDrivenTest" signature="()" line-rate="1" branch-rate="1" complexity="1">
              <lines>
                <line number="18" hits="9" branch="false" />
                <line number="19" hits="9" branch="false" />
                <line number="20" hits="9" branch="false" />
                <line number="21" hits="9" branch="false" />
                <line number="22" hits="9" branch="false" />
                <line number="24" hits="9" branch="false" />
                <line number="25" hits="9" branch="false" />
                <line number="26" hits="8" branch="false" />
              </lines>
            </method>
            <method name="Triangle" signature="(System.Int32,System.Int32,System.Int32)" line-rate="0.911764705882353" branch-rate="0.884615384615385" complexity="NaN">
              <lines>
                <line number="29" hits="9" branch="false" />
                <line number="30" hits="9" branch="false" />
                <line number="31" hits="9" branch="true" condition-coverage="100% (2/2)" />
                <line number="32" hits="3" branch="false" />
                <line number="33" hits="9" branch="true" condition-coverage="100% (2/2)" />
                <line number="34" hits="3" branch="false" />
                <line number="35" hits="9" branch="true" condition-coverage="100% (2/2)" />
                <line number="36" hits="3" branch="false" />
                <line number="37" hits="9" branch="true" condition-coverage="100% (2/2)" />
                <line number="38" hits="4" branch="false" />
                <line number="39" hits="4" branch="true" condition-coverage="100% (2/2)" />
                <line number="40" hits="1" branch="false" />
                <line number="41" hits="3" branch="true" condition-coverage="100% (2/2)" />
                <line number="42" hits="1" branch="false" />
                <line number="43" hits="2" branch="true" condition-coverage="100% (2/2)" />
                <line number="44" hits="1" branch="false" />
                <line number="46" hits="1" branch="false" />
                <line number="48" hits="5" branch="true" condition-coverage="100% (2/2)" />
                <line number="49" hits="1" branch="false" />
                <line number="50" hits="1" branch="true" condition-coverage="50% (1/2)" />
                <line number="51" hits="0" branch="false" />
                <line number="53" hits="1" branch="false" />
                <line number="55" hits="4" branch="true" condition-coverage="100% (2/2)" />
                <line number="56" hits="1" branch="false" />
                <line number="57" hits="1" branch="true" condition-coverage="50% (1/2)" />
                <line number="58" hits="0" branch="false" />
                <line number="60" hits="1" branch="false" />
                <line number="62" hits="3" branch="true" condition-coverage="100% (2/2)" />
                <line number="63" hits="1" branch="false" />
                <line number="64" hits="1" branch="true" condition-coverage="50% (1/2)" />
                <line number="65" hits="0" branch="false" />
                <line number="67" hits="1" branch="false" />
                <line number="70" hits="2" branch="false" />
                <line number="71" hits="9" branch="false" />
              </lines>
            </method>
          </methods>
          <lines>
            <line number="13" hits="45" branch="false" />
            <line number="18" hits="9" branch="false" />
            <line number="19" hits="9" branch="false" />
            <line number="20" hits="9" branch="false" />
            <line number="21" hits="9" branch="false" />
            <line number="22" hits="9" branch="false" />
            <line number="24" hits="9" branch="false" />
            <line number="25" hits="9" branch="false" />
            <line number="26" hits="8" branch="false" />
            <line number="29" hits="9" branch="false" />
            <line number="30" hits="9" branch="false" />
            <line number="31" hits="9" branch="true" condition-coverage="100% (2/2)" />
            <line number="32" hits="3" branch="false" />
            <line number="33" hits="9" branch="true" condition-coverage="100% (2/2)" />
            <line number="34" hits="3" branch="false" />
            <line number="35" hits="9" branch="true" condition-coverage="100% (2/2)" />
            <line number="36" hits="3" branch="false" />
            <line number="37" hits="9" branch="true" condition-coverage="100% (2/2)" />
            <line number="38" hits="4" branch="false" />
            <line number="39" hits="4" branch="true" condition-coverage="100% (2/2)" />
            <line number="40" hits="1" branch="false" />
            <line number="41" hits="3" branch="true" condition-coverage="100% (2/2)" />
            <line number="42" hits="1" branch="false" />
            <line number="43" hits="2" branch="true" condition-coverage="100% (2/2)" />
            <line number="44" hits="1" branch="false" />
            <line number="46" hits="1" branch="false" />
            <line number="48" hits="5" branch="true" condition-coverage="100% (2/2)" />
            <line number="49" hits="1" branch="false" />
            <line number="50" hits="1" branch="true" condition-coverage="50% (1/2)" />
            <line number="51" hits="0" branch="false" />
            <line number="53" hits="1" branch="false" />
            <line number="55" hits="4" branch="true" condition-coverage="100% (2/2)" />
            <line number="56" hits="1" branch="false" />
            <line number="57" hits="1" branch="true" condition-coverage="50% (1/2)" />
            <line number="58" hits="0" branch="false" />
            <line number="60" hits="1" branch="false" />
            <line number="62" hits="3" branch="true" condition-coverage="100% (2/2)" />
            <line number="63" hits="1" branch="false" />
            <line number="64" hits="1" branch="true" condition-coverage="50% (1/2)" />
            <line number="65" hits="0" branch="false" />
            <line number="67" hits="1" branch="false" />
            <line number="70" hits="2" branch="false" />
            <line number="71" hits="9" branch="false" />
          </lines>
        </class>
        <class name="DuongHoangLanAnh_Module03.Bai06" filename="D:\LAP TRINH C#\Software Testing\DuongHoangLanAnh_Module03\DuongHoangLanAnh_Module03\Bai06.cs" line-rate="1" branch-rate="1" complexity="1">
          <methods>
            <method name="TestContext" signature="()" line-rate="1" branch-rate="1" complexity="NaN">
              <lines>
                <line number="13" hits="12" branch="false" />
              </lines>
            </method>
            <method name="TestContext" signature="(Microsoft.VisualStudio.TestTools.UnitTesting.TestContext)" line-rate="1" branch-rate="1" complexity="NaN">
              <lines>
                <line number="13" hits="12" branch="false" />
              </lines>
            </method>
            <method name="Average_DataDrivenTest" signature="()" line-rate="1" branch-rate="1" complexity="1">
              <lines>
                <line number="18" hits="3" branch="false" />
                <line number="19" hits="3" branch="false" />
                <line number="20" hits="3" branch="false" />
                <line number="21" hits="3" branch="false" />
                <line number="23" hits="3" branch="false" />
                <line number="24" hits="3" branch="false" />
                <line number="25" hits="3" branch="false" />
              </lines>
            </method>
            <method name="Average" signature="(System.Double,System.Double)" line-rate="1" branch-rate="1" complexity="NaN">
              <lines>
                <line number="28" hits="3" branch="false" />
                <line number="29" hits="3" branch="true" condition-coverage="100% (2/2)" />
                <line number="30" hits="1" branch="false" />
                <line number="31" hits="2" branch="true" condition-coverage="100% (2/2)" />
                <line number="32" hits="1" branch="false" />
                <line number="34" hits="1" branch="false" />
                <line number="35" hits="3" branch="false" />
              </lines>
            </method>
          </methods>
          <lines>
            <line number="13" hits="12" branch="false" />
            <line number="18" hits="3" branch="false" />
            <line number="19" hits="3" branch="false" />
            <line number="20" hits="3" branch="false" />
            <line number="21" hits="3" branch="false" />
            <line number="23" hits="3" branch="false" />
            <line number="24" hits="3" branch="false" />
            <line number="25" hits="3" branch="false" />
            <line number="28" hits="3" branch="false" />
            <line number="29" hits="3" branch="true" condition-coverage="100% (2/2)" />
            <line number="30" hits="1" branch="false" />
            <line number="31" hits="2" branch="true" condition-coverage="100% (2/2)" />
            <line number="32" hits="1" branch="false" />
            <line number="34" hits="1" branch="false" />
            <line number="35" hits="3" branch="false" />
          </lines>
        </class>
        <class name="DuongHoangLanAnh_Module03.Bai07" filename="D:\LAP TRINH C#\Software Testing\DuongHoangLanAnh_Module03\DuongHoangLanAnh_Module03\Bai07.cs" line-rate="1" branch-rate="0.631578947368421" complexity="1">
          <methods>
            <method name="TestContext" signature="()" line-rate="1" branch-rate="1" complexity="NaN">
              <lines>
                <line number="13" hits="28" branch="false" />
              </lines>
            </method>
            <method name="TestContext" signature="(Microsoft.VisualStudio.TestTools.UnitTesting.TestContext)" line-rate="1" branch-rate="1" complexity="NaN">
              <lines>
                <line number="13" hits="28" branch="false" />
              </lines>
            </method>
            <method name="DaysInMonth_DataDrivenTest" signature="()" line-rate="1" branch-rate="1" complexity="1">
              <lines>
                <line number="18" hits="7" branch="false" />
                <line number="19" hits="7" branch="false" />
                <line number="20" hits="7" branch="false" />
                <line number="21" hits="7" branch="false" />
                <line number="23" hits="7" branch="false" />
                <line number="24" hits="7" branch="false" />
                <line number="25" hits="7" branch="false" />
              </lines>
            </method>
            <method name="DaysInMonth" signature="(System.Int32,System.Int32)" line-rate="1" branch-rate="0.631578947368421" complexity="NaN">
              <lines>
                <line number="28" hits="7" branch="false" />
                <line number="29" hits="7" branch="true" condition-coverage="46% (6/13)" />
                <line number="38" hits="1" branch="false" />
                <line number="43" hits="1" branch="false" />
                <line number="45" hits="4" branch="true" condition-coverage="100% (2/2)" />
                <line number="46" hits="1" branch="false" />
                <line number="47" hits="3" branch="true" condition-coverage="100% (2/2)" />
                <line number="48" hits="1" branch="false" />
                <line number="49" hits="2" branch="true" condition-coverage="100% (2/2)" />
                <line number="50" hits="1" branch="false" />
                <line number="52" hits="1" branch="false" />
                <line number="54" hits="1" branch="false" />
                <line number="56" hits="7" branch="false" />
              </lines>
            </method>
          </methods>
          <lines>
            <line number="13" hits="28" branch="false" />
            <line number="18" hits="7" branch="false" />
            <line number="19" hits="7" branch="false" />
            <line number="20" hits="7" branch="false" />
            <line number="21" hits="7" branch="false" />
            <line number="23" hits="7" branch="false" />
            <line number="24" hits="7" branch="false" />
            <line number="25" hits="7" branch="false" />
            <line number="28" hits="7" branch="false" />
            <line number="29" hits="7" branch="true" condition-coverage="46% (6/13)" />
            <line number="38" hits="1" branch="false" />
            <line number="43" hits="1" branch="false" />
            <line number="45" hits="4" branch="true" condition-coverage="100% (2/2)" />
            <line number="46" hits="1" branch="false" />
            <line number="47" hits="3" branch="true" condition-coverage="100% (2/2)" />
            <line number="48" hits="1" branch="false" />
            <line number="49" hits="2" branch="true" condition-coverage="100% (2/2)" />
            <line number="50" hits="1" branch="false" />
            <line number="52" hits="1" branch="false" />
            <line number="54" hits="1" branch="false" />
            <line number="56" hits="7" branch="false" />
          </lines>
        </class>
        <class name="DuongHoangLanAnh_Module03.Bai08" filename="D:\LAP TRINH C#\Software Testing\DuongHoangLanAnh_Module03\DuongHoangLanAnh_Module03\Bai08.cs" line-rate="1" branch-rate="1" complexity="1">
          <methods>
            <method name="TestContext" signature="()" line-rate="1" branch-rate="1" complexity="NaN">
              <lines>
                <line number="13" hits="20" branch="false" />
              </lines>
            </method>
            <method name="TestContext" signature="(Microsoft.VisualStudio.TestTools.UnitTesting.TestContext)" line-rate="1" branch-rate="1" complexity="NaN">
              <lines>
                <line number="13" hits="20" branch="false" />
              </lines>
            </method>
            <method name="QuadraticEquation_DataDrivenTest" signature="()" line-rate="1" branch-rate="1" complexity="1">
              <lines>
                <line number="18" hits="4" branch="false" />
                <line number="19" hits="4" branch="false" />
                <line number="20" hits="4" branch="false" />
                <line number="21" hits="4" branch="false" />
                <line number="22" hits="4" branch="false" />
                <line number="24" hits="4" branch="false" />
                <line number="25" hits="4" branch="false" />
                <line number="26" hits="4" branch="false" />
              </lines>
            </method>
            <method name="SolveQuadraticEquation" signature="(System.Int32,System.Int32,System.Int32)" line-rate="1" branch-rate="1" complexity="NaN">
              <lines>
                <line number="29" hits="4" branch="false" />
                <line number="30" hits="4" branch="true" condition-coverage="100% (2/2)" />
                <line number="31" hits="1" branch="false" />
                <line number="32" hits="1" branch="false" />
                <line number="35" hits="3" branch="false" />
                <line number="37" hits="3" branch="true" condition-coverage="100% (2/2)" />
                <line number="38" hits="1" branch="false" />
                <line number="39" hits="1" branch="false" />
                <line number="41" hits="2" branch="true" condition-coverage="100% (2/2)" />
                <line number="42" hits="1" branch="false" />
                <line number="43" hits="1" branch="false" />
                <line number="44" hits="1" branch="false" />
                <line number="47" hits="1" branch="false" />
                <line number="48" hits="1" branch="false" />
                <line number="49" hits="1" branch="false" />
                <line number="50" hits="1" branch="false" />
                <line number="52" hits="4" branch="false" />
              </lines>
            </method>
          </methods>
          <lines>
            <line number="13" hits="20" branch="false" />
            <line number="18" hits="4" branch="false" />
            <line number="19" hits="4" branch="false" />
            <line number="20" hits="4" branch="false" />
            <line number="21" hits="4" branch="false" />
            <line number="22" hits="4" branch="false" />
            <line number="24" hits="4" branch="false" />
            <line number="25" hits="4" branch="false" />
            <line number="26" hits="4" branch="false" />
            <line number="29" hits="4" branch="false" />
            <line number="30" hits="4" branch="true" condition-coverage="100% (2/2)" />
            <line number="31" hits="1" branch="false" />
            <line number="32" hits="1" branch="false" />
            <line number="35" hits="3" branch="false" />
            <line number="37" hits="3" branch="true" condition-coverage="100% (2/2)" />
            <line number="38" hits="1" branch="false" />
            <line number="39" hits="1" branch="false" />
            <line number="41" hits="2" branch="true" condition-coverage="100% (2/2)" />
            <line number="42" hits="1" branch="false" />
            <line number="43" hits="1" branch="false" />
            <line number="44" hits="1" branch="false" />
            <line number="47" hits="1" branch="false" />
            <line number="48" hits="1" branch="false" />
            <line number="49" hits="1" branch="false" />
            <line number="50" hits="1" branch="false" />
            <line number="52" hits="4" branch="false" />
          </lines>
        </class>
        <class name="DuongHoangLanAnh_Module03.Bai09" filename="D:\LAP TRINH C#\Software Testing\DuongHoangLanAnh_Module03\DuongHoangLanAnh_Module03\Bai09.cs" line-rate="1" branch-rate="1" complexity="2">
          <methods>
            <method name="TestContext" signature="()" line-rate="1" branch-rate="1" complexity="NaN">
              <lines>
                <line number="13" hits="24" branch="false" />
              </lines>
            </method>
            <method name="TestContext" signature="(Microsoft.VisualStudio.TestTools.UnitTesting.TestContext)" line-rate="1" branch-rate="1" complexity="NaN">
              <lines>
                <line number="13" hits="24" branch="false" />
              </lines>
            </method>
            <method name="CustomFunction_DataDrivenTest" signature="()" line-rate="1" branch-rate="1" complexity="2">
              <lines>
                <line number="18" hits="4" branch="false" />
                <line number="19" hits="4" branch="false" />
                <line number="20" hits="4" branch="false" />
                <line number="21" hits="4" branch="false" />
                <line number="22" hits="4" branch="false" />
                <line number="23" hits="4" branch="false" />
                <line number="25" hits="4" branch="true" condition-coverage="100% (2/2)" />
                <line number="26" hits="1" branch="false" />
                <line number="27" hits="1" branch="false" />
                <line number="28" hits="2" branch="false" />
                <line number="29" hits="1" branch="false" />
                <line number="30" hits="1" branch="false" />
                <line number="31" hits="1" branch="false" />
                <line number="33" hits="3" branch="false" />
                <line number="34" hits="3" branch="false" />
                <line number="35" hits="3" branch="false" />
                <line number="36" hits="3" branch="false" />
                <line number="37" hits="4" branch="false" />
              </lines>
            </method>
            <method name="CustomFunction" signature="(System.Int32,System.Int32,System.Int32)" line-rate="1" branch-rate="1" complexity="NaN">
              <lines>
                <line number="40" hits="4" branch="false" />
                <line number="41" hits="4" branch="true" condition-coverage="100% (2/2)" />
                <line number="42" hits="1" branch="false" />
                <line number="43" hits="1" branch="false" />
                <line number="45" hits="3" branch="true" condition-coverage="100% (2/2)" />
                <line number="46" hits="1" branch="false" />
                <line number="47" hits="1" branch="false" />
                <line number="49" hits="2" branch="true" condition-coverage="100% (2/2)" />
                <line number="50" hits="1" branch="false" />
                <line number="51" hits="1" branch="false" />
                <line number="54" hits="1" branch="false" />
                <line number="55" hits="1" branch="false" />
                <line number="57" hits="3" branch="false" />
              </lines>
            </method>
          </methods>
          <lines>
            <line number="13" hits="24" branch="false" />
            <line number="18" hits="4" branch="false" />
            <line number="19" hits="4" branch="false" />
            <line number="20" hits="4" branch="false" />
            <line number="21" hits="4" branch="false" />
            <line number="22" hits="4" branch="false" />
            <line number="23" hits="4" branch="false" />
            <line number="25" hits="4" branch="true" condition-coverage="100% (2/2)" />
            <line number="26" hits="1" branch="false" />
            <line number="27" hits="1" branch="false" />
            <line number="28" hits="2" branch="false" />
            <line number="29" hits="1" branch="false" />
            <line number="30" hits="1" branch="false" />
            <line number="31" hits="1" branch="false" />
            <line number="33" hits="3" branch="false" />
            <line number="34" hits="3" branch="false" />
            <line number="35" hits="3" branch="false" />
            <line number="36" hits="3" branch="false" />
            <line number="37" hits="4" branch="false" />
            <line number="40" hits="4" branch="false" />
            <line number="41" hits="4" branch="true" condition-coverage="100% (2/2)" />
            <line number="42" hits="1" branch="false" />
            <line number="43" hits="1" branch="false" />
            <line number="45" hits="3" branch="true" condition-coverage="100% (2/2)" />
            <line number="46" hits="1" branch="false" />
            <line number="47" hits="1" branch="false" />
            <line number="49" hits="2" branch="true" condition-coverage="100% (2/2)" />
            <line number="50" hits="1" branch="false" />
            <line number="51" hits="1" branch="false" />
            <line number="54" hits="1" branch="false" />
            <line number="55" hits="1" branch="false" />
            <line number="57" hits="3" branch="false" />
          </lines>
        </class>
        <class name="DuongHoangLanAnh_Module03.Bai10" filename="D:\LAP TRINH C#\Software Testing\DuongHoangLanAnh_Module03\DuongHoangLanAnh_Module03\Bai10.cs" line-rate="1" branch-rate="1" complexity="1">
          <methods>
            <method name="TestContext" signature="()" line-rate="1" branch-rate="1" complexity="NaN">
              <lines>
                <line number="13" hits="25" branch="false" />
              </lines>
            </method>
            <method name="TestContext" signature="(Microsoft.VisualStudio.TestTools.UnitTesting.TestContext)" line-rate="1" branch-rate="1" complexity="NaN">
              <lines>
                <line number="13" hits="25" branch="false" />
              </lines>
            </method>
            <method name="TriangleFunction_DataDrivenTest" signature="()" line-rate="1" branch-rate="1" complexity="1">
              <lines>
                <line number="18" hits="5" branch="false" />
                <line number="19" hits="5" branch="false" />
                <line number="20" hits="5" branch="false" />
                <line number="21" hits="5" branch="false" />
                <line number="22" hits="5" branch="false" />
                <line number="24" hits="5" branch="false" />
                <line number="25" hits="5" branch="false" />
                <line number="26" hits="5" branch="false" />
              </lines>
            </method>
            <method name="IsTriangle" signature="(System.Int32,System.Int32,System.Int32)" line-rate="1" branch-rate="1" complexity="NaN">
              <lines>
                <line number="29" hits="5" branch="false" />
                <line number="30" hits="5" branch="true" condition-coverage="100% (6/6)" />
                <line number="31" hits="1" branch="false" />
                <line number="32" hits="1" branch="false" />
                <line number="34" hits="4" branch="true" condition-coverage="100% (6/6)" />
                <line number="35" hits="3" branch="false" />
                <line number="36" hits="3" branch="false" />
                <line number="38" hits="1" branch="false" />
                <line number="39" hits="5" branch="false" />
              </lines>
            </method>
          </methods>
          <lines>
            <line number="13" hits="25" branch="false" />
            <line number="18" hits="5" branch="false" />
            <line number="19" hits="5" branch="false" />
            <line number="20" hits="5" branch="false" />
            <line number="21" hits="5" branch="false" />
            <line number="22" hits="5" branch="false" />
            <line number="24" hits="5" branch="false" />
            <line number="25" hits="5" branch="false" />
            <line number="26" hits="5" branch="false" />
            <line number="29" hits="5" branch="false" />
            <line number="30" hits="5" branch="true" condition-coverage="100% (6/6)" />
            <line number="31" hits="1" branch="false" />
            <line number="32" hits="1" branch="false" />
            <line number="34" hits="4" branch="true" condition-coverage="100% (6/6)" />
            <line number="35" hits="3" branch="false" />
            <line number="36" hits="3" branch="false" />
            <line number="38" hits="1" branch="false" />
            <line number="39" hits="5" branch="false" />
          </lines>
        </class>
        <class name="DuongHoangLanAnh_Module03.Bai11" filename="D:\LAP TRINH C#\Software Testing\DuongHoangLanAnh_Module03\DuongHoangLanAnh_Module03\Bai11.cs" line-rate="1" branch-rate="0.916666666666667" complexity="3">
          <methods>
            <method name="TestContext" signature="()" line-rate="1" branch-rate="1" complexity="NaN">
              <lines>
                <line number="13" hits="48" branch="false" />
              </lines>
            </method>
            <method name="TestContext" signature="(Microsoft.VisualStudio.TestTools.UnitTesting.TestContext)" line-rate="1" branch-rate="1" complexity="NaN">
              <lines>
                <line number="13" hits="48" branch="false" />
              </lines>
            </method>
            <method name="ImageAlignment_DataDrivenTest" signature="()" line-rate="1" branch-rate="1" complexity="3">
              <lines>
                <line number="18" hits="5" branch="false" />
                <line number="19" hits="5" branch="false" />
                <line number="20" hits="5" branch="false" />
                <line number="21" hits="5" branch="false" />
                <line number="22" hits="5" branch="false" />
                <line number="23" hits="5" branch="true" condition-coverage="100% (2/2)" />
                <line number="24" hits="5" branch="true" condition-coverage="100% (2/2)" />
                <line number="25" hits="5" branch="false" />
                <line number="28" hits="5" branch="false" />
                <line number="29" hits="5" branch="false" />
                <line number="30" hits="4" branch="false" />
                <line number="31" hits="4" branch="false" />
                <line number="32" hits="4" branch="false" />
                <line number="33" hits="4" branch="false" />
                <line number="34" hits="1" branch="false" />
                <line number="35" hits="1" branch="false" />
                <line number="36" hits="1" branch="false" />
                <line number="37" hits="1" branch="false" />
                <line number="38" hits="5" branch="false" />
              </lines>
            </method>
            <method name="AlignImage" signature="(System.Int32,System.Int32,System.Int32,System.Int32)" line-rate="1" branch-rate="0.9" complexity="NaN">
              <lines>
                <line number="41" hits="5" branch="false" />
                <line number="42" hits="5" branch="true" condition-coverage="88% (7/8)" />
                <line number="43" hits="1" branch="false" />
                <line number="44" hits="1" branch="false" />
                <line number="49" hits="4" branch="true" condition-coverage="100% (4/4)" />
                <line number="50" hits="1" branch="false" />
                <line number="51" hits="1" branch="false" />
                <line number="52" hits="1" branch="false" />
                <line number="53" hits="1" branch="false" />
                <line number="54" hits="3" branch="true" condition-coverage="100% (4/4)" />
                <line number="55" hits="1" branch="false" />
                <line number="56" hits="1" branch="false" />
                <line number="57" hits="1" branch="false" />
                <line number="58" hits="1" branch="false" />
                <line number="59" hits="2" branch="true" condition-coverage="75% (3/4)" />
                <line number="60" hits="1" branch="false" />
                <line number="61" hits="1" branch="false" />
                <line number="62" hits="1" branch="false" />
                <line number="63" hits="1" branch="false" />
                <line number="65" hits="1" branch="false" />
                <line number="66" hits="1" branch="false" />
                <line number="67" hits="1" branch="false" />
                <line number="68" hits="1" branch="false" />
                <line number="70" hits="4" branch="false" />
                <line number="71" hits="4" branch="false" />
              </lines>
            </method>
          </methods>
          <lines>
            <line number="13" hits="48" branch="false" />
            <line number="18" hits="5" branch="false" />
            <line number="19" hits="5" branch="false" />
            <line number="20" hits="5" branch="false" />
            <line number="21" hits="5" branch="false" />
            <line number="22" hits="5" branch="false" />
            <line number="23" hits="5" branch="true" condition-coverage="100% (2/2)" />
            <line number="24" hits="5" branch="true" condition-coverage="100% (2/2)" />
            <line number="25" hits="5" branch="false" />
            <line number="28" hits="5" branch="false" />
            <line number="29" hits="5" branch="false" />
            <line number="30" hits="4" branch="false" />
            <line number="31" hits="4" branch="false" />
            <line number="32" hits="4" branch="false" />
            <line number="33" hits="4" branch="false" />
            <line number="34" hits="1" branch="false" />
            <line number="35" hits="1" branch="false" />
            <line number="36" hits="1" branch="false" />
            <line number="37" hits="1" branch="false" />
            <line number="38" hits="5" branch="false" />
            <line number="41" hits="5" branch="false" />
            <line number="42" hits="5" branch="true" condition-coverage="88% (7/8)" />
            <line number="43" hits="1" branch="false" />
            <line number="44" hits="1" branch="false" />
            <line number="49" hits="4" branch="true" condition-coverage="100% (4/4)" />
            <line number="50" hits="1" branch="false" />
            <line number="51" hits="1" branch="false" />
            <line number="52" hits="1" branch="false" />
            <line number="53" hits="1" branch="false" />
            <line number="54" hits="3" branch="true" condition-coverage="100% (4/4)" />
            <line number="55" hits="1" branch="false" />
            <line number="56" hits="1" branch="false" />
            <line number="57" hits="1" branch="false" />
            <line number="58" hits="1" branch="false" />
            <line number="59" hits="2" branch="true" condition-coverage="75% (3/4)" />
            <line number="60" hits="1" branch="false" />
            <line number="61" hits="1" branch="false" />
            <line number="62" hits="1" branch="false" />
            <line number="63" hits="1" branch="false" />
            <line number="65" hits="1" branch="false" />
            <line number="66" hits="1" branch="false" />
            <line number="67" hits="1" branch="false" />
            <line number="68" hits="1" branch="false" />
            <line number="70" hits="4" branch="false" />
            <line number="71" hits="4" branch="false" />
          </lines>
        </class>
        <class name="DuongHoangLanAnh_Module03.Bai12" filename="D:\LAP TRINH C#\Software Testing\DuongHoangLanAnh_Module03\DuongHoangLanAnh_Module03\Bai12.cs" line-rate="1" branch-rate="0.9375" complexity="3">
          <methods>
            <method name="TestContext" signature="()" line-rate="1" branch-rate="1" complexity="NaN">
              <lines>
                <line number="13" hits="27" branch="false" />
              </lines>
            </method>
            <method name="TestContext" signature="(Microsoft.VisualStudio.TestTools.UnitTesting.TestContext)" line-rate="1" branch-rate="1" complexity="NaN">
              <lines>
                <line number="13" hits="27" branch="false" />
              </lines>
            </method>
            <method name="PricingFunction_DataDrivenTest" signature="()" line-rate="1" branch-rate="1" complexity="3">
              <lines>
                <line number="18" hits="4" branch="false" />
                <line number="19" hits="4" branch="false" />
                <line number="20" hits="4" branch="false" />
                <line number="21" hits="4" branch="false" />
                <line number="22" hits="4" branch="false" />
                <line number="23" hits="4" branch="false" />
                <line number="24" hits="4" branch="true" condition-coverage="100% (2/2)" />
                <line number="26" hits="4" branch="true" condition-coverage="100% (2/2)" />
                <line number="27" hits="1" branch="false" />
                <line number="28" hits="1" branch="false" />
                <line number="29" hits="2" branch="false" />
                <line number="30" hits="1" branch="false" />
                <line number="31" hits="1" branch="false" />
                <line number="32" hits="1" branch="false" />
                <line number="34" hits="3" branch="false" />
                <line number="35" hits="3" branch="false" />
                <line number="36" hits="3" branch="false" />
                <line number="37" hits="3" branch="false" />
                <line number="38" hits="4" branch="false" />
              </lines>
            </method>
            <method name="CalculatePricing" signature="(System.Int32,System.Int32,System.Int32,System.Int32)" line-rate="1" branch-rate="0.916666666666667" complexity="NaN">
              <lines>
                <line number="41" hits="4" branch="false" />
                <line number="42" hits="4" branch="true" condition-coverage="88% (7/8)" />
                <line number="43" hits="1" branch="false" />
                <line number="44" hits="1" branch="false" />
                <line number="47" hits="3" branch="true" condition-coverage="100% (2/2)" />
                <line number="48" hits="1" branch="false" />
                <line number="49" hits="1" branch="false" />
                <line number="51" hits="2" branch="true" condition-coverage="100% (2/2)" />
                <line number="52" hits="1" branch="false" />
                <line number="53" hits="1" branch="false" />
                <line number="56" hits="1" branch="false" />
                <line number="57" hits="1" branch="false" />
                <line number="59" hits="3" branch="false" />
              </lines>
            </method>
          </methods>
          <lines>
            <line number="13" hits="27" branch="false" />
            <line number="18" hits="4" branch="false" />
            <line number="19" hits="4" branch="false" />
            <line number="20" hits="4" branch="false" />
            <line number="21" hits="4" branch="false" />
            <line number="22" hits="4" branch="false" />
            <line number="23" hits="4" branch="false" />
            <line number="24" hits="4" branch="true" condition-coverage="100% (2/2)" />
            <line number="26" hits="4" branch="true" condition-coverage="100% (2/2)" />
            <line number="27" hits="1" branch="false" />
            <line number="28" hits="1" branch="false" />
            <line number="29" hits="2" branch="false" />
            <line number="30" hits="1" branch="false" />
            <line number="31" hits="1" branch="false" />
            <line number="32" hits="1" branch="false" />
            <line number="34" hits="3" branch="false" />
            <line number="35" hits="3" branch="false" />
            <line number="36" hits="3" branch="false" />
            <line number="37" hits="3" branch="false" />
            <line number="38" hits="4" branch="false" />
            <line number="41" hits="4" branch="false" />
            <line number="42" hits="4" branch="true" condition-coverage="88% (7/8)" />
            <line number="43" hits="1" branch="false" />
            <line number="44" hits="1" branch="false" />
            <line number="47" hits="3" branch="true" condition-coverage="100% (2/2)" />
            <line number="48" hits="1" branch="false" />
            <line number="49" hits="1" branch="false" />
            <line number="51" hits="2" branch="true" condition-coverage="100% (2/2)" />
            <line number="52" hits="1" branch="false" />
            <line number="53" hits="1" branch="false" />
            <line number="56" hits="1" branch="false" />
            <line number="57" hits="1" branch="false" />
            <line number="59" hits="3" branch="false" />
          </lines>
        </class>
        <class name="DuongHoangLanAnh_Module03.Bai13" filename="D:\LAP TRINH C#\Software Testing\DuongHoangLanAnh_Module03\DuongHoangLanAnh_Module03\Bai13.cs" line-rate="1" branch-rate="1" complexity="2">
          <methods>
            <method name="TestContext" signature="()" line-rate="1" branch-rate="1" complexity="NaN">
              <lines>
                <line number="13" hits="54" branch="false" />
              </lines>
            </method>
            <method name="TestContext" signature="(Microsoft.VisualStudio.TestTools.UnitTesting.TestContext)" line-rate="1" branch-rate="1" complexity="NaN">
              <lines>
                <line number="13" hits="54" branch="false" />
              </lines>
            </method>
            <method name="RectangleFunction_DataDrivenTest" signature="()" line-rate="1" branch-rate="1" complexity="2">
              <lines>
                <line number="18" hits="6" branch="false" />
                <line number="19" hits="6" branch="false" />
                <line number="20" hits="6" branch="false" />
                <line number="21" hits="6" branch="false" />
                <line number="22" hits="6" branch="false" />
                <line number="23" hits="6" branch="false" />
                <line number="24" hits="6" branch="false" />
                <line number="25" hits="6" branch="false" />
                <line number="26" hits="6" branch="false" />
                <line number="28" hits="6" branch="true" condition-coverage="100% (2/2)" />
                <line number="29" hits="1" branch="false" />
                <line number="30" hits="2" branch="false" />
                <line number="31" hits="1" branch="false" />
                <line number="33" hits="5" branch="false" />
                <line number="34" hits="5" branch="false" />
                <line number="35" hits="5" branch="false" />
                <line number="36" hits="5" branch="false" />
                <line number="37" hits="6" branch="false" />
              </lines>
            </method>
            <method name="IsPointInRectangle" signature="(System.Int32,System.Int32,System.Int32,System.Int32,System.Int32,System.Int32)" line-rate="1" branch-rate="1" complexity="NaN">
              <lines>
                <line number="40" hits="6" branch="false" />
                <line number="41" hits="6" branch="true" condition-coverage="100% (4/4)" />
                <line number="42" hits="1" branch="false" />
                <line number="43" hits="1" branch="false" />
                <line number="45" hits="5" branch="true" condition-coverage="100% (8/8)" />
                <line number="46" hits="4" branch="false" />
                <line number="47" hits="4" branch="false" />
                <line number="49" hits="1" branch="false" />
                <line number="50" hits="5" branch="false" />
              </lines>
            </method>
          </methods>
          <lines>
            <line number="13" hits="54" branch="false" />
            <line number="18" hits="6" branch="false" />
            <line number="19" hits="6" branch="false" />
            <line number="20" hits="6" branch="false" />
            <line number="21" hits="6" branch="false" />
            <line number="22" hits="6" branch="false" />
            <line number="23" hits="6" branch="false" />
            <line number="24" hits="6" branch="false" />
            <line number="25" hits="6" branch="false" />
            <line number="26" hits="6" branch="false" />
            <line number="28" hits="6" branch="true" condition-coverage="100% (2/2)" />
            <line number="29" hits="1" branch="false" />
            <line number="30" hits="2" branch="false" />
            <line number="31" hits="1" branch="false" />
            <line number="33" hits="5" branch="false" />
            <line number="34" hits="5" branch="false" />
            <line number="35" hits="5" branch="false" />
            <line number="36" hits="5" branch="false" />
            <line number="37" hits="6" branch="false" />
            <line number="40" hits="6" branch="false" />
            <line number="41" hits="6" branch="true" condition-coverage="100% (4/4)" />
            <line number="42" hits="1" branch="false" />
            <line number="43" hits="1" branch="false" />
            <line number="45" hits="5" branch="true" condition-coverage="100% (8/8)" />
            <line number="46" hits="4" branch="false" />
            <line number="47" hits="4" branch="false" />
            <line number="49" hits="1" branch="false" />
            <line number="50" hits="5" branch="false" />
          </lines>
        </class>
        <class name="DuongHoangLanAnh_Module03.Bai14" filename="D:\LAP TRINH C#\Software Testing\DuongHoangLanAnh_Module03\DuongHoangLanAnh_Module03\Bai14.cs" line-rate="1" branch-rate="1" complexity="5">
          <methods>
            <method name="TestContext" signature="()" line-rate="1" branch-rate="1" complexity="NaN">
              <lines>
                <line number="13" hits="27" branch="false" />
              </lines>
            </method>
            <method name="TestContext" signature="(Microsoft.VisualStudio.TestTools.UnitTesting.TestContext)" line-rate="1" branch-rate="1" complexity="NaN">
              <lines>
                <line number="13" hits="27" branch="false" />
              </lines>
            </method>
            <method name="IconFunction_DataDrivenTest" signature="()" line-rate="1" branch-rate="1" complexity="5">
              <lines>
                <line number="18" hits="3" branch="false" />
                <line number="19" hits="3" branch="false" />
                <line number="20" hits="3" branch="false" />
                <line number="21" hits="3" branch="true" condition-coverage="100% (2/2)" />
                <line number="22" hits="3" branch="true" condition-coverage="100% (2/2)" />
                <line number="23" hits="3" branch="true" condition-coverage="100% (2/2)" />
                <line number="24" hits="3" branch="false" />
                <line number="26" hits="3" branch="true" condition-coverage="100% (2/2)" />
                <line number="27" hits="1" branch="false" />
                <line number="28" hits="2" branch="false" />
                <line number="29" hits="1" branch="false" />
                <line number="31" hits="2" branch="false" />
                <line number="32" hits="2" branch="false" />
                <line number="33" hits="2" branch="false" />
                <line number="34" hits="2" branch="false" />
                <line number="35" hits="2" branch="false" />
                <line number="36" hits="2" branch="false" />
                <line number="37" hits="3" branch="false" />
              </lines>
            </method>
            <method name="CreateIcon" signature="(System.Int32,System.Int32)" line-rate="1" branch-rate="1" complexity="NaN">
              <lines>
                <line number="40" hits="3" branch="false" />
                <line number="41" hits="3" branch="true" condition-coverage="100% (4/4)" />
                <line number="42" hits="1" branch="false" />
                <line number="43" hits="1" branch="false" />
                <line number="46" hits="2" branch="true" condition-coverage="100% (2/2)" />
                <line number="47" hits="1" branch="false" />
                <line number="48" hits="1" branch="false" />
                <line number="51" hits="1" branch="false" />
                <line number="52" hits="1" branch="false" />
                <line number="54" hits="2" branch="false" />
              </lines>
            </method>
          </methods>
          <lines>
            <line number="13" hits="27" branch="false" />
            <line number="18" hits="3" branch="false" />
            <line number="19" hits="3" branch="false" />
            <line number="20" hits="3" branch="false" />
            <line number="21" hits="3" branch="true" condition-coverage="100% (2/2)" />
            <line number="22" hits="3" branch="true" condition-coverage="100% (2/2)" />
            <line number="23" hits="3" branch="true" condition-coverage="100% (2/2)" />
            <line number="24" hits="3" branch="false" />
            <line number="26" hits="3" branch="true" condition-coverage="100% (2/2)" />
            <line number="27" hits="1" branch="false" />
            <line number="28" hits="2" branch="false" />
            <line number="29" hits="1" branch="false" />
            <line number="31" hits="2" branch="false" />
            <line number="32" hits="2" branch="false" />
            <line number="33" hits="2" branch="false" />
            <line number="34" hits="2" branch="false" />
            <line number="35" hits="2" branch="false" />
            <line number="36" hits="2" branch="false" />
            <line number="37" hits="3" branch="false" />
            <line number="40" hits="3" branch="false" />
            <line number="41" hits="3" branch="true" condition-coverage="100% (4/4)" />
            <line number="42" hits="1" branch="false" />
            <line number="43" hits="1" branch="false" />
            <line number="46" hits="2" branch="true" condition-coverage="100% (2/2)" />
            <line number="47" hits="1" branch="false" />
            <line number="48" hits="1" branch="false" />
            <line number="51" hits="1" branch="false" />
            <line number="52" hits="1" branch="false" />
            <line number="54" hits="2" branch="false" />
          </lines>
        </class>
        <class name="DuongHoangLanAnh_Module03.Bai15" filename="D:\LAP TRINH C#\Software Testing\DuongHoangLanAnh_Module03\DuongHoangLanAnh_Module03\Bai15.cs" line-rate="1" branch-rate="1" complexity="2">
          <methods>
            <method name="TestContext" signature="()" line-rate="1" branch-rate="1" complexity="NaN">
              <lines>
                <line number="13" hits="24" branch="false" />
              </lines>
            </method>
            <method name="TestContext" signature="(Microsoft.VisualStudio.TestTools.UnitTesting.TestContext)" line-rate="1" branch-rate="1" complexity="NaN">
              <lines>
                <line number="13" hits="24" branch="false" />
              </lines>
            </method>
            <method name="LeapYearFunction_DataDrivenTest" signature="()" line-rate="1" branch-rate="1" complexity="2">
              <lines>
                <line number="18" hits="6" branch="false" />
                <line number="19" hits="6" branch="false" />
                <line number="20" hits="6" branch="false" />
                <line number="21" hits="6" branch="false" />
                <line number="23" hits="6" branch="true" condition-coverage="100% (2/2)" />
                <line number="24" hits="2" branch="false" />
                <line number="25" hits="4" branch="false" />
                <line number="26" hits="2" branch="false" />
                <line number="28" hits="4" branch="false" />
                <line number="29" hits="4" branch="false" />
                <line number="30" hits="4" branch="false" />
                <line number="31" hits="4" branch="false" />
                <line number="32" hits="6" branch="false" />
              </lines>
            </method>
            <method name="IsLeapYear" signature="(System.Int32)" line-rate="1" branch-rate="1" complexity="NaN">
              <lines>
                <line number="35" hits="6" branch="false" />
                <line number="36" hits="6" branch="true" condition-coverage="100% (4/4)" />
                <line number="37" hits="2" branch="false" />
                <line number="38" hits="2" branch="false" />
                <line number="41" hits="4" branch="true" condition-coverage="100% (2/2)" />
                <line number="42" hits="2" branch="false" />
                <line number="43" hits="2" branch="true" condition-coverage="100% (2/2)" />
                <line number="44" hits="1" branch="false" />
                <line number="45" hits="1" branch="false" />
                <line number="48" hits="1" branch="false" />
                <line number="49" hits="1" branch="false" />
                <line number="53" hits="2" branch="false" />
                <line number="54" hits="2" branch="true" condition-coverage="100% (2/2)" />
                <line number="55" hits="1" branch="false" />
                <line number="56" hits="1" branch="false" />
                <line number="59" hits="1" branch="false" />
                <line number="60" hits="1" branch="false" />
                <line number="63" hits="4" branch="false" />
              </lines>
            </method>
          </methods>
          <lines>
            <line number="13" hits="24" branch="false" />
            <line number="18" hits="6" branch="false" />
            <line number="19" hits="6" branch="false" />
            <line number="20" hits="6" branch="false" />
            <line number="21" hits="6" branch="false" />
            <line number="23" hits="6" branch="true" condition-coverage="100% (2/2)" />
            <line number="24" hits="2" branch="false" />
            <line number="25" hits="4" branch="false" />
            <line number="26" hits="2" branch="false" />
            <line number="28" hits="4" branch="false" />
            <line number="29" hits="4" branch="false" />
            <line number="30" hits="4" branch="false" />
            <line number="31" hits="4" branch="false" />
            <line number="32" hits="6" branch="false" />
            <line number="35" hits="6" branch="false" />
            <line number="36" hits="6" branch="true" condition-coverage="100% (4/4)" />
            <line number="37" hits="2" branch="false" />
            <line number="38" hits="2" branch="false" />
            <line number="41" hits="4" branch="true" condition-coverage="100% (2/2)" />
            <line number="42" hits="2" branch="false" />
            <line number="43" hits="2" branch="true" condition-coverage="100% (2/2)" />
            <line number="44" hits="1" branch="false" />
            <line number="45" hits="1" branch="false" />
            <line number="48" hits="1" branch="false" />
            <line number="49" hits="1" branch="false" />
            <line number="53" hits="2" branch="false" />
            <line number="54" hits="2" branch="true" condition-coverage="100% (2/2)" />
            <line number="55" hits="1" branch="false" />
            <line number="56" hits="1" branch="false" />
            <line number="59" hits="1" branch="false" />
            <line number="60" hits="1" branch="false" />
            <line number="63" hits="4" branch="false" />
          </lines>
        </class>
        <class name="DuongHoangLanAnh_Module03.Bai16" filename="D:\LAP TRINH C#\Software Testing\DuongHoangLanAnh_Module03\DuongHoangLanAnh_Module03\Bai16.cs" line-rate="1" branch-rate="1" complexity="1">
          <methods>
            <method name="TestContext" signature="()" line-rate="1" branch-rate="1" complexity="NaN">
              <lines>
                <line number="13" hits="16" branch="false" />
              </lines>
            </method>
            <method name="TestContext" signature="(Microsoft.VisualStudio.TestTools.UnitTesting.TestContext)" line-rate="1" branch-rate="1" complexity="NaN">
              <lines>
                <line number="13" hits="16" branch="false" />
              </lines>
            </method>
            <method name="PasswordFunction_DataDrivenTest" signature="()" line-rate="1" branch-rate="1" complexity="1">
              <lines>
                <line number="18" hits="4" branch="false" />
                <line number="19" hits="4" branch="false" />
                <line number="20" hits="4" branch="false" />
                <line number="21" hits="4" branch="false" />
                <line number="23" hits="4" branch="false" />
                <line number="24" hits="4" branch="false" />
                <line number="25" hits="4" branch="false" />
              </lines>
            </method>
            <method name="IsPasswordValid" signature="(System.String)" line-rate="1" branch-rate="1" complexity="NaN">
              <lines>
                <line number="28" hits="4" branch="false" />
                <line number="29" hits="4" branch="true" condition-coverage="100% (4/4)" />
                <line number="30" hits="2" branch="false" />
                <line number="31" hits="2" branch="false" />
                <line number="34" hits="2" branch="true" condition-coverage="100% (2/2)" />
                <line number="35" hits="1" branch="false" />
                <line number="36" hits="1" branch="false" />
                <line number="39" hits="1" branch="false" />
                <line number="40" hits="4" branch="false" />
              </lines>
            </method>
          </methods>
          <lines>
            <line number="13" hits="16" branch="false" />
            <line number="18" hits="4" branch="false" />
            <line number="19" hits="4" branch="false" />
            <line number="20" hits="4" branch="false" />
            <line number="21" hits="4" branch="false" />
            <line number="23" hits="4" branch="false" />
            <line number="24" hits="4" branch="false" />
            <line number="25" hits="4" branch="false" />
            <line number="28" hits="4" branch="false" />
            <line number="29" hits="4" branch="true" condition-coverage="100% (4/4)" />
            <line number="30" hits="2" branch="false" />
            <line number="31" hits="2" branch="false" />
            <line number="34" hits="2" branch="true" condition-coverage="100% (2/2)" />
            <line number="35" hits="1" branch="false" />
            <line number="36" hits="1" branch="false" />
            <line number="39" hits="1" branch="false" />
            <line number="40" hits="4" branch="false" />
          </lines>
        </class>
        <class name="DuongHoangLanAnh_Module03.Bai17" filename="D:\LAP TRINH C#\Software Testing\DuongHoangLanAnh_Module03\DuongHoangLanAnh_Module03\Bai17.cs" line-rate="1" branch-rate="1" complexity="1">
          <methods>
            <method name="TestContext" signature="()" line-rate="1" branch-rate="1" complexity="NaN">
              <lines>
                <line number="13" hits="25" branch="false" />
              </lines>
            </method>
            <method name="TestContext" signature="(Microsoft.VisualStudio.TestTools.UnitTesting.TestContext)" line-rate="1" branch-rate="1" complexity="NaN">
              <lines>
                <line number="13" hits="25" branch="false" />
              </lines>
            </method>
            <method name="DateValidationFunction_DataDrivenTest" signature="()" line-rate="1" branch-rate="1" complexity="1">
              <lines>
                <line number="18" hits="5" branch="false" />
                <line number="19" hits="5" branch="false" />
                <line number="20" hits="5" branch="false" />
                <line number="21" hits="5" branch="false" />
                <line number="22" hits="5" branch="false" />
                <line number="24" hits="5" branch="false" />
                <line number="25" hits="5" branch="false" />
                <line number="26" hits="5" branch="false" />
              </lines>
            </method>
            <method name="IsValidDate" signature="(System.Int32,System.Int32,System.Int32)" line-rate="1" branch-rate="1" complexity="NaN">
              <lines>
                <line number="29" hits="5" branch="false" />
                <line number="30" hits="5" branch="true" condition-coverage="100% (4/4)" />
                <line number="31" hits="2" branch="false" />
                <line number="32" hits="2" branch="false" />
                <line number="35" hits="3" branch="true" condition-coverage="100% (4/4)" />
                <line number="36" hits="2" branch="false" />
                <line number="37" hits="2" branch="false" />
                <line number="40" hits="1" branch="false" />
                <line number="41" hits="5" branch="false" />
              </lines>
            </method>
          </methods>
          <lines>
            <line number="13" hits="25" branch="false" />
            <line number="18" hits="5" branch="false" />
            <line number="19" hits="5" branch="false" />
            <line number="20" hits="5" branch="false" />
            <line number="21" hits="5" branch="false" />
            <line number="22" hits="5" branch="false" />
            <line number="24" hits="5" branch="false" />
            <line number="25" hits="5" branch="false" />
            <line number="26" hits="5" branch="false" />
            <line number="29" hits="5" branch="false" />
            <line number="30" hits="5" branch="true" condition-coverage="100% (4/4)" />
            <line number="31" hits="2" branch="false" />
            <line number="32" hits="2" branch="false" />
            <line number="35" hits="3" branch="true" condition-coverage="100% (4/4)" />
            <line number="36" hits="2" branch="false" />
            <line number="37" hits="2" branch="false" />
            <line number="40" hits="1" branch="false" />
            <line number="41" hits="5" branch="false" />
          </lines>
        </class>
        <class name="DuongHoangLanAnh_Module03.Bai18" filename="D:\LAP TRINH C#\Software Testing\DuongHoangLanAnh_Module03\DuongHoangLanAnh_Module03\Bai18.cs" line-rate="1" branch-rate="1" complexity="1">
          <methods>
            <method name="TestContext" signature="()" line-rate="1" branch-rate="1" complexity="NaN">
              <lines>
                <line number="13" hits="15" branch="false" />
              </lines>
            </method>
            <method name="TestContext" signature="(Microsoft.VisualStudio.TestTools.UnitTesting.TestContext)" line-rate="1" branch-rate="1" complexity="NaN">
              <lines>
                <line number="13" hits="15" branch="false" />
              </lines>
            </method>
            <method name="EmailValidationFunction_DataDrivenTest" signature="()" line-rate="1" branch-rate="1" complexity="1">
              <lines>
                <line number="18" hits="5" branch="false" />
                <line number="19" hits="5" branch="false" />
                <line number="20" hits="5" branch="false" />
                <line number="22" hits="5" branch="false" />
                <line number="23" hits="5" branch="false" />
                <line number="24" hits="5" branch="false" />
              </lines>
            </method>
            <method name="IsValidEmail" signature="(System.String)" line-rate="1" branch-rate="1" complexity="NaN">
              <lines>
                <line number="27" hits="5" branch="false" />
                <line number="28" hits="5" branch="true" condition-coverage="100% (2/2)" />
                <line number="29" hits="1" branch="false" />
                <line number="30" hits="1" branch="false" />
                <line number="33" hits="4" branch="true" condition-coverage="100% (2/2)" />
                <line number="34" hits="1" branch="false" />
                <line number="35" hits="1" branch="false" />
                <line number="38" hits="3" branch="true" condition-coverage="100% (2/2)" />
                <line number="39" hits="1" branch="false" />
                <line number="40" hits="1" branch="false" />
                <line number="43" hits="2" branch="true" condition-coverage="100% (4/4)" />
                <line number="44" hits="1" branch="false" />
                <line number="45" hits="1" branch="false" />
                <line number="48" hits="1" branch="false" />
                <line number="49" hits="5" branch="false" />
              </lines>
            </method>
          </methods>
          <lines>
            <line number="13" hits="15" branch="false" />
            <line number="18" hits="5" branch="false" />
            <line number="19" hits="5" branch="false" />
            <line number="20" hits="5" branch="false" />
            <line number="22" hits="5" branch="false" />
            <line number="23" hits="5" branch="false" />
            <line number="24" hits="5" branch="false" />
            <line number="27" hits="5" branch="false" />
            <line number="28" hits="5" branch="true" condition-coverage="100% (2/2)" />
            <line number="29" hits="1" branch="false" />
            <line number="30" hits="1" branch="false" />
            <line number="33" hits="4" branch="true" condition-coverage="100% (2/2)" />
            <line number="34" hits="1" branch="false" />
            <line number="35" hits="1" branch="false" />
            <line number="38" hits="3" branch="true" condition-coverage="100% (2/2)" />
            <line number="39" hits="1" branch="false" />
            <line number="40" hits="1" branch="false" />
            <line number="43" hits="2" branch="true" condition-coverage="100% (4/4)" />
            <line number="44" hits="1" branch="false" />
            <line number="45" hits="1" branch="false" />
            <line number="48" hits="1" branch="false" />
            <line number="49" hits="5" branch="false" />
          </lines>
        </class>
        <class name="DuongHoangLanAnh_Module03.Bai19" filename="D:\LAP TRINH C#\Software Testing\DuongHoangLanAnh_Module03\DuongHoangLanAnh_Module03\Bai19.cs" line-rate="0.923076923076923" branch-rate="0.875" complexity="1">
          <methods>
            <method name="TestContext" signature="()" line-rate="1" branch-rate="1" complexity="NaN">
              <lines>
                <line number="13" hits="20" branch="false" />
              </lines>
            </method>
            <method name="TestContext" signature="(Microsoft.VisualStudio.TestTools.UnitTesting.TestContext)" line-rate="1" branch-rate="1" complexity="NaN">
              <lines>
                <line number="13" hits="20" branch="false" />
              </lines>
            </method>
            <method name="BMICheckFunction_DataDrivenTest" signature="()" line-rate="1" branch-rate="1" complexity="1">
              <lines>
                <line number="18" hits="5" branch="false" />
                <line number="19" hits="5" branch="false" />
                <line number="20" hits="5" branch="false" />
                <line number="21" hits="5" branch="false" />
                <line number="23" hits="5" branch="false" />
                <line number="24" hits="5" branch="false" />
                <line number="25" hits="5" branch="false" />
              </lines>
            </method>
            <method name="CheckBMI" signature="(System.Int32,System.Int32)" line-rate="0.888888888888889" branch-rate="0.875" complexity="NaN">
              <lines>
                <line number="28" hits="5" branch="false" />
                <line number="29" hits="5" branch="true" condition-coverage="100% (2/2)" />
                <line number="30" hits="1" branch="false" />
                <line number="31" hits="1" branch="false" />
                <line number="34" hits="4" branch="true" condition-coverage="100% (2/2)" />
                <line number="35" hits="1" branch="false" />
                <line number="36" hits="1" branch="false" />
                <line number="39" hits="3" branch="false" />
                <line number="40" hits="3" branch="false" />
                <line number="42" hits="3" branch="true" condition-coverage="100% (2/2)" />
                <line number="43" hits="1" branch="false" />
                <line number="44" hits="1" branch="false" />
                <line number="46" hits="2" branch="true" condition-coverage="50% (1/2)" />
                <line number="47" hits="2" branch="false" />
                <line number="48" hits="2" branch="false" />
                <line number="51" hits="0" branch="false" />
                <line number="52" hits="0" branch="false" />
                <line number="54" hits="5" branch="false" />
              </lines>
            </method>
          </methods>
          <lines>
            <line number="13" hits="20" branch="false" />
            <line number="18" hits="5" branch="false" />
            <line number="19" hits="5" branch="false" />
            <line number="20" hits="5" branch="false" />
            <line number="21" hits="5" branch="false" />
            <line number="23" hits="5" branch="false" />
            <line number="24" hits="5" branch="false" />
            <line number="25" hits="5" branch="false" />
            <line number="28" hits="5" branch="false" />
            <line number="29" hits="5" branch="true" condition-coverage="100% (2/2)" />
            <line number="30" hits="1" branch="false" />
            <line number="31" hits="1" branch="false" />
            <line number="34" hits="4" branch="true" condition-coverage="100% (2/2)" />
            <line number="35" hits="1" branch="false" />
            <line number="36" hits="1" branch="false" />
            <line number="39" hits="3" branch="false" />
            <line number="40" hits="3" branch="false" />
            <line number="42" hits="3" branch="true" condition-coverage="100% (2/2)" />
            <line number="43" hits="1" branch="false" />
            <line number="44" hits="1" branch="false" />
            <line number="46" hits="2" branch="true" condition-coverage="50% (1/2)" />
            <line number="47" hits="2" branch="false" />
            <line number="48" hits="2" branch="false" />
            <line number="51" hits="0" branch="false" />
            <line number="52" hits="0" branch="false" />
            <line number="54" hits="5" branch="false" />
          </lines>
        </class>
        <class name="DuongHoangLanAnh_Module03.Bai20" filename="D:\LAP TRINH C#\Software Testing\DuongHoangLanAnh_Module03\DuongHoangLanAnh_Module03\Bai20.cs" line-rate="0.848484848484849" branch-rate="0.916666666666667" complexity="4">
          <methods>
            <method name="TestContext" signature="()" line-rate="1" branch-rate="1" complexity="NaN">
              <lines>
                <line number="13" hits="29" branch="false" />
              </lines>
            </method>
            <method name="TestContext" signature="(Microsoft.VisualStudio.TestTools.UnitTesting.TestContext)" line-rate="1" branch-rate="1" complexity="NaN">
              <lines>
                <line number="13" hits="29" branch="false" />
              </lines>
            </method>
            <method name="CharPositionFunction_DataDrivenTest" signature="()" line-rate="0.6875" branch-rate="0.75" complexity="4">
              <lines>
                <line number="18" hits="5" branch="false" />
                <line number="19" hits="5" branch="false" />
                <line number="20" hits="5" branch="false" />
                <line number="21" hits="5" branch="true" condition-coverage="100% (2/2)" />
                <line number="22" hits="5" branch="false" />
                <line number="24" hits="5" branch="true" condition-coverage="50% (1/2)" />
                <line number="25" hits="0" branch="false" />
                <line number="26" hits="0" branch="false" />
                <line number="27" hits="0" branch="false" />
                <line number="28" hits="0" branch="false" />
                <line number="29" hits="0" branch="false" />
                <line number="31" hits="5" branch="false" />
                <line number="32" hits="5" branch="false" />
                <line number="33" hits="4" branch="false" />
                <line number="34" hits="4" branch="false" />
                <line number="35" hits="4" branch="false" />
              </lines>
            </method>
            <method name="FindCharPosition" signature="(System.String,System.Char)" line-rate="1" branch-rate="1" complexity="NaN">
              <lines>
                <line number="38" hits="5" branch="false" />
                <line number="40" hits="5" branch="false" />
                <line number="41" hits="5" branch="false" />
                <line number="43" hits="5" branch="true" condition-coverage="100% (4/4)" />
                <line number="44" hits="1" branch="false" />
                <line number="45" hits="1" branch="false" />
                <line number="48" hits="28" branch="true" condition-coverage="100% (2/2)" />
                <line number="49" hits="27" branch="false" />
                <line number="50" hits="27" branch="true" condition-coverage="100% (2/2)" />
                <line number="51" hits="3" branch="false" />
                <line number="52" hits="3" branch="false" />
                <line number="53" hits="3" branch="false" />
                <line number="55" hits="24" branch="false" />
                <line number="56" hits="24" branch="false" />
                <line number="58" hits="4" branch="false" />
                <line number="59" hits="4" branch="false" />
              </lines>
            </method>
          </methods>
          <lines>
            <line number="13" hits="29" branch="false" />
            <line number="18" hits="5" branch="false" />
            <line number="19" hits="5" branch="false" />
            <line number="20" hits="5" branch="false" />
            <line number="21" hits="5" branch="true" condition-coverage="100% (2/2)" />
            <line number="22" hits="5" branch="false" />
            <line number="24" hits="5" branch="true" condition-coverage="50% (1/2)" />
            <line number="25" hits="0" branch="false" />
            <line number="26" hits="0" branch="false" />
            <line number="27" hits="0" branch="false" />
            <line number="28" hits="0" branch="false" />
            <line number="29" hits="0" branch="false" />
            <line number="31" hits="5" branch="false" />
            <line number="32" hits="5" branch="false" />
            <line number="33" hits="4" branch="false" />
            <line number="34" hits="4" branch="false" />
            <line number="35" hits="4" branch="false" />
            <line number="38" hits="5" branch="false" />
            <line number="40" hits="5" branch="false" />
            <line number="41" hits="5" branch="false" />
            <line number="43" hits="5" branch="true" condition-coverage="100% (4/4)" />
            <line number="44" hits="1" branch="false" />
            <line number="45" hits="1" branch="false" />
            <line number="48" hits="28" branch="true" condition-coverage="100% (2/2)" />
            <line number="49" hits="27" branch="false" />
            <line number="50" hits="27" branch="true" condition-coverage="100% (2/2)" />
            <line number="51" hits="3" branch="false" />
            <line number="52" hits="3" branch="false" />
            <line number="53" hits="3" branch="false" />
            <line number="55" hits="24" branch="false" />
            <line number="56" hits="24" branch="false" />
            <line number="58" hits="4" branch="false" />
            <line number="59" hits="4" branch="false" />
          </lines>
        </class>
        <class name="DuongHoangLanAnh_Module03.Bai21" filename="D:\LAP TRINH C#\Software Testing\DuongHoangLanAnh_Module03\DuongHoangLanAnh_Module03\Bai21.cs" line-rate="1" branch-rate="0.875" complexity="2">
          <methods>
            <method name="TestContext" signature="()" line-rate="1" branch-rate="1" complexity="NaN">
              <lines>
                <line number="13" hits="20" branch="false" />
              </lines>
            </method>
            <method name="TestContext" signature="(Microsoft.VisualStudio.TestTools.UnitTesting.TestContext)" line-rate="1" branch-rate="1" complexity="NaN">
              <lines>
                <line number="13" hits="20" branch="false" />
              </lines>
            </method>
            <method name="HexToDecFunction_DataDrivenTest" signature="()" line-rate="1" branch-rate="1" complexity="2">
              <lines>
                <line number="18" hits="5" branch="false" />
                <line number="19" hits="5" branch="false" />
                <line number="20" hits="5" branch="false" />
                <line number="21" hits="5" branch="false" />
                <line number="23" hits="5" branch="true" condition-coverage="100% (2/2)" />
                <line number="24" hits="1" branch="false" />
                <line number="25" hits="1" branch="false" />
                <line number="26" hits="2" branch="false" />
                <line number="27" hits="1" branch="false" />
                <line number="28" hits="1" branch="false" />
                <line number="30" hits="4" branch="false" />
                <line number="31" hits="4" branch="false" />
                <line number="32" hits="4" branch="false" />
                <line number="33" hits="4" branch="false" />
                <line number="34" hits="5" branch="false" />
              </lines>
            </method>
            <method name="HexToDec" signature="(System.String)" line-rate="1" branch-rate="0.857142857142857" complexity="NaN">
              <lines>
                <line number="37" hits="5" branch="false" />
                <line number="39" hits="5" branch="false" />
                <line number="40" hits="5" branch="false" />
                <line number="41" hits="5" branch="false" />
                <line number="43" hits="17" branch="true" condition-coverage="100% (2/2)" />
                <line number="44" hits="13" branch="false" />
                <line number="45" hits="13" branch="false" />
                <line number="46" hits="13" branch="true" condition-coverage="75% (3/4)" />
                <line number="47" hits="6" branch="false" />
                <line number="48" hits="6" branch="false" />
                <line number="49" hits="6" branch="false" />
                <line number="50" hits="6" branch="false" />
                <line number="51" hits="7" branch="true" condition-coverage="100% (4/4)" />
                <line number="52" hits="3" branch="false" />
                <line number="53" hits="3" branch="false" />
                <line number="54" hits="3" branch="false" />
                <line number="55" hits="3" branch="false" />
                <line number="56" hits="4" branch="true" condition-coverage="75% (3/4)" />
                <line number="57" hits="3" branch="false" />
                <line number="58" hits="3" branch="false" />
                <line number="59" hits="3" branch="false" />
                <line number="60" hits="3" branch="false" />
                <line number="62" hits="1" branch="false" />
                <line number="63" hits="1" branch="false" />
                <line number="65" hits="12" branch="false" />
                <line number="67" hits="4" branch="false" />
                <line number="68" hits="4" branch="false" />
              </lines>
            </method>
          </methods>
          <lines>
            <line number="13" hits="20" branch="false" />
            <line number="18" hits="5" branch="false" />
            <line number="19" hits="5" branch="false" />
            <line number="20" hits="5" branch="false" />
            <line number="21" hits="5" branch="false" />
            <line number="23" hits="5" branch="true" condition-coverage="100% (2/2)" />
            <line number="24" hits="1" branch="false" />
            <line number="25" hits="1" branch="false" />
            <line number="26" hits="2" branch="false" />
            <line number="27" hits="1" branch="false" />
            <line number="28" hits="1" branch="false" />
            <line number="30" hits="4" branch="false" />
            <line number="31" hits="4" branch="false" />
            <line number="32" hits="4" branch="false" />
            <line number="33" hits="4" branch="false" />
            <line number="34" hits="5" branch="false" />
            <line number="37" hits="5" branch="false" />
            <line number="39" hits="5" branch="false" />
            <line number="40" hits="5" branch="false" />
            <line number="41" hits="5" branch="false" />
            <line number="43" hits="17" branch="true" condition-coverage="100% (2/2)" />
            <line number="44" hits="13" branch="false" />
            <line number="45" hits="13" branch="false" />
            <line number="46" hits="13" branch="true" condition-coverage="75% (3/4)" />
            <line number="47" hits="6" branch="false" />
            <line number="48" hits="6" branch="false" />
            <line number="49" hits="6" branch="false" />
            <line number="50" hits="6" branch="false" />
            <line number="51" hits="7" branch="true" condition-coverage="100% (4/4)" />
            <line number="52" hits="3" branch="false" />
            <line number="53" hits="3" branch="false" />
            <line number="54" hits="3" branch="false" />
            <line number="55" hits="3" branch="false" />
            <line number="56" hits="4" branch="true" condition-coverage="75% (3/4)" />
            <line number="57" hits="3" branch="false" />
            <line number="58" hits="3" branch="false" />
            <line number="59" hits="3" branch="false" />
            <line number="60" hits="3" branch="false" />
            <line number="62" hits="1" branch="false" />
            <line number="63" hits="1" branch="false" />
            <line number="65" hits="12" branch="false" />
            <line number="67" hits="4" branch="false" />
            <line number="68" hits="4" branch="false" />
          </lines>
        </class>
      </classes>
    </package>
  </packages>
</coverage>