<?xml version="1.0" encoding="utf-8"?>
<CoverageSession xmlns:xsd="http://www.w3.org/2001/XMLSchema" xmlns:xsi="http://www.w3.org/2001/XMLSchema-instance" Version="4.7.922.0">
  <Summary numSequencePoints="601" visitedSequencePoints="589" numBranchPoints="338" visitedBranchPoints="319" sequenceCoverage="98.00" branchCoverage="94.38" maxCyclomaticComplexity="14" minCyclomaticComplexity="1" maxCrapScore="14.13" minCrapScore="1" visitedClasses="27" numClasses="28" visitedMethods="90" numMethods="91" />
  <Modules>
    <Module hash="59-9B-C4-B2-DA-2F-73-11-F1-87-3E-45-B5-28-79-7E-61-A5-15-5E">
      <Summary numSequencePoints="601" visitedSequencePoints="589" numBranchPoints="338" visitedBranchPoints="319" sequenceCoverage="98.00" branchCoverage="94.38" maxCyclomaticComplexity="14" minCyclomaticComplexity="1" maxCrapScore="14.13" minCrapScore="1" visitedClasses="27" numClasses="28" visitedMethods="90" numMethods="91" />
      <ModulePath>D:\LAP TRINH C#\Software Testing\DuongHoangLanAnh_Module03\DuongHoangLanAnh_Module03\bin\x64\Debug\fine-code-coverage\build-output\DuongHoangLanAnh_Module03.dll</ModulePath>
      <ModuleTime>2024-10-15T17:12:38.1263208Z</ModuleTime>
      <ModuleName>DuongHoangLanAnh_Module03</ModuleName>
      <Files>
        <File uid="1" fullPath="D:\LAP TRINH C#\Software Testing\DuongHoangLanAnh_Module03\DuongHoangLanAnh_Module03\Bai01.cs" />
        <File uid="2" fullPath="D:\LAP TRINH C#\Software Testing\DuongHoangLanAnh_Module03\DuongHoangLanAnh_Module03\Bai02.cs" />
        <File uid="3" fullPath="D:\LAP TRINH C#\Software Testing\DuongHoangLanAnh_Module03\DuongHoangLanAnh_Module03\Bai03.cs" />
        <File uid="4" fullPath="D:\LAP TRINH C#\Software Testing\DuongHoangLanAnh_Module03\DuongHoangLanAnh_Module03\Bai04.cs" />
        <File uid="5" fullPath="D:\LAP TRINH C#\Software Testing\DuongHoangLanAnh_Module03\DuongHoangLanAnh_Module03\Bai05.cs" />
        <File uid="6" fullPath="D:\LAP TRINH C#\Software Testing\DuongHoangLanAnh_Module03\DuongHoangLanAnh_Module03\Bai06.cs" />
        <File uid="7" fullPath="D:\LAP TRINH C#\Software Testing\DuongHoangLanAnh_Module03\DuongHoangLanAnh_Module03\Bai07.cs" />
        <File uid="8" fullPath="D:\LAP TRINH C#\Software Testing\DuongHoangLanAnh_Module03\DuongHoangLanAnh_Module03\Bai08.cs" />
        <File uid="9" fullPath="D:\LAP TRINH C#\Software Testing\DuongHoangLanAnh_Module03\DuongHoangLanAnh_Module03\Bai09.cs" />
        <File uid="11" fullPath="D:\LAP TRINH C#\Software Testing\DuongHoangLanAnh_Module03\DuongHoangLanAnh_Module03\Bai10.cs" />
        <File uid="12" fullPath="D:\LAP TRINH C#\Software Testing\DuongHoangLanAnh_Module03\DuongHoangLanAnh_Module03\Bai11.cs" />
        <File uid="13" fullPath="D:\LAP TRINH C#\Software Testing\DuongHoangLanAnh_Module03\DuongHoangLanAnh_Module03\Bai12.cs" />
        <File uid="15" fullPath="D:\LAP TRINH C#\Software Testing\DuongHoangLanAnh_Module03\DuongHoangLanAnh_Module03\Bai13.cs" />
        <File uid="17" fullPath="D:\LAP TRINH C#\Software Testing\DuongHoangLanAnh_Module03\DuongHoangLanAnh_Module03\Bai14.cs" />
        <File uid="19" fullPath="D:\LAP TRINH C#\Software Testing\DuongHoangLanAnh_Module03\DuongHoangLanAnh_Module03\Bai15.cs" />
        <File uid="21" fullPath="D:\LAP TRINH C#\Software Testing\DuongHoangLanAnh_Module03\DuongHoangLanAnh_Module03\Bai16.cs" />
        <File uid="22" fullPath="D:\LAP TRINH C#\Software Testing\DuongHoangLanAnh_Module03\DuongHoangLanAnh_Module03\Bai17.cs" />
        <File uid="23" fullPath="D:\LAP TRINH C#\Software Testing\DuongHoangLanAnh_Module03\DuongHoangLanAnh_Module03\Bai18.cs" />
        <File uid="24" fullPath="D:\LAP TRINH C#\Software Testing\DuongHoangLanAnh_Module03\DuongHoangLanAnh_Module03\Bai19.cs" />
        <File uid="25" fullPath="D:\LAP TRINH C#\Software Testing\DuongHoangLanAnh_Module03\DuongHoangLanAnh_Module03\Bai20.cs" />
        <File uid="27" fullPath="D:\LAP TRINH C#\Software Testing\DuongHoangLanAnh_Module03\DuongHoangLanAnh_Module03\Bai21.cs" />
      </Files>
      <Classes>
        <Class>
          <Summary numSequencePoints="22" visitedSequencePoints="22" numBranchPoints="12" visitedBranchPoints="12" sequenceCoverage="100" branchCoverage="100" maxCyclomaticComplexity="5" minCyclomaticComplexity="1" maxCrapScore="5" minCrapScore="1" visitedClasses="1" numClasses="1" visitedMethods="4" numMethods="4" />
          <FullName>DuongHoangLanAnh_Module03.Bai01</FullName>
          <Methods>
            <Method visited="true" cyclomaticComplexity="1" nPathComplexity="0" sequenceCoverage="100" branchCoverage="100" crapScore="1" isConstructor="false" isStatic="false" isGetter="true" isSetter="false">
              <Summary numSequencePoints="1" visitedSequencePoints="1" numBranchPoints="1" visitedBranchPoints="1" sequenceCoverage="100" branchCoverage="100" maxCyclomaticComplexity="1" minCyclomaticComplexity="1" maxCrapScore="1" minCrapScore="1" visitedClasses="0" numClasses="0" visitedMethods="1" numMethods="1" />
              <MetadataToken>100663297</MetadataToken>
              <Name>Microsoft.VisualStudio.TestTools.UnitTesting.TestContext DuongHoangLanAnh_Module03.Bai01::get_TestContext()</Name>
              <FileRef uid="1" />
              <SequencePoints>
                <SequencePoint vc="28" uspid="1" ordinal="0" offset="0" sl="9" sc="42" el="9" ec="46" bec="0" bev="0" fileid="1" />
              </SequencePoints>
              <BranchPoints />
              <MethodPoint xsi:type="SequencePoint" vc="28" uspid="1" ordinal="0" offset="0" sl="9" sc="42" el="9" ec="46" bec="0" bev="0" fileid="1" />
            </Method>
            <Method visited="true" cyclomaticComplexity="1" nPathComplexity="0" sequenceCoverage="100" branchCoverage="100" crapScore="1" isConstructor="false" isStatic="false" isGetter="false" isSetter="true">
              <Summary numSequencePoints="1" visitedSequencePoints="1" numBranchPoints="1" visitedBranchPoints="1" sequenceCoverage="100" branchCoverage="100" maxCyclomaticComplexity="1" minCyclomaticComplexity="1" maxCrapScore="1" minCrapScore="1" visitedClasses="0" numClasses="0" visitedMethods="1" numMethods="1" />
              <MetadataToken>100663298</MetadataToken>
              <Name>System.Void DuongHoangLanAnh_Module03.Bai01::set_TestContext(Microsoft.VisualStudio.TestTools.UnitTesting.TestContext)</Name>
              <FileRef uid="1" />
              <SequencePoints>
                <SequencePoint vc="7" uspid="2" ordinal="0" offset="0" sl="9" sc="47" el="9" ec="51" bec="0" bev="0" fileid="1" />
              </SequencePoints>
              <BranchPoints />
              <MethodPoint xsi:type="SequencePoint" vc="7" uspid="2" ordinal="0" offset="0" sl="9" sc="47" el="9" ec="51" bec="0" bev="0" fileid="1" />
            </Method>
            <Method visited="true" cyclomaticComplexity="1" nPathComplexity="0" sequenceCoverage="100" branchCoverage="100" crapScore="1" isConstructor="false" isStatic="false" isGetter="false" isSetter="false">
              <Summary numSequencePoints="8" visitedSequencePoints="8" numBranchPoints="1" visitedBranchPoints="1" sequenceCoverage="100" branchCoverage="100" maxCyclomaticComplexity="1" minCyclomaticComplexity="1" maxCrapScore="1" minCrapScore="1" visitedClasses="0" numClasses="0" visitedMethods="1" numMethods="1" />
              <MetadataToken>100663299</MetadataToken>
              <Name>System.Void DuongHoangLanAnh_Module03.Bai01::getPositionOf2Cir_DataDrivenTest()</Name>
              <FileRef uid="1" />
              <SequencePoints>
                <SequencePoint vc="7" uspid="3" ordinal="0" offset="0" sl="14" sc="9" el="14" ec="10" bec="0" bev="0" fileid="1" />
                <SequencePoint vc="7" uspid="4" ordinal="1" offset="1" sl="15" sc="13" el="15" ec="77" bec="0" bev="0" fileid="1" />
                <SequencePoint vc="7" uspid="5" ordinal="2" offset="28" sl="16" sc="13" el="16" ec="83" bec="0" bev="0" fileid="1" />
                <SequencePoint vc="7" uspid="6" ordinal="3" offset="55" sl="17" sc="13" el="17" ec="79" bec="0" bev="0" fileid="1" />
                <SequencePoint vc="7" uspid="7" ordinal="4" offset="82" sl="18" sc="13" el="18" ec="83" bec="0" bev="0" fileid="1" />
                <SequencePoint vc="7" uspid="8" ordinal="5" offset="109" sl="20" sc="13" el="20" ec="78" bec="0" bev="0" fileid="1" />
                <SequencePoint vc="7" uspid="9" ordinal="6" offset="120" sl="21" sc="13" el="21" ec="47" bec="0" bev="0" fileid="1" />
                <SequencePoint vc="7" uspid="10" ordinal="7" offset="129" sl="22" sc="9" el="22" ec="10" bec="0" bev="0" fileid="1" />
              </SequencePoints>
              <BranchPoints />
              <MethodPoint xsi:type="SequencePoint" vc="7" uspid="3" ordinal="0" offset="0" sl="14" sc="9" el="14" ec="10" bec="0" bev="0" fileid="1" />
            </Method>
            <Method visited="true" cyclomaticComplexity="5" nPathComplexity="16" sequenceCoverage="100" branchCoverage="100" crapScore="5" isConstructor="false" isStatic="false" isGetter="false" isSetter="false">
              <Summary numSequencePoints="12" visitedSequencePoints="12" numBranchPoints="9" visitedBranchPoints="9" sequenceCoverage="100" branchCoverage="100" maxCyclomaticComplexity="5" minCyclomaticComplexity="5" maxCrapScore="5" minCrapScore="5" visitedClasses="0" numClasses="0" visitedMethods="1" numMethods="1" />
              <MetadataToken>100663300</MetadataToken>
              <Name>System.Int32 DuongHoangLanAnh_Module03.Bai01::getPositionOf2Cir(System.Int32,System.Int32,System.Int32)</Name>
              <FileRef uid="1" />
              <SequencePoints>
                <SequencePoint vc="7" uspid="11" ordinal="0" offset="0" sl="25" sc="9" el="25" ec="10" bec="0" bev="0" fileid="1" />
                <SequencePoint vc="7" uspid="12" ordinal="1" offset="1" sl="26" sc="13" el="26" ec="31" bec="2" bev="2" fileid="1" />
                <SequencePoint vc="2" uspid="13" ordinal="2" offset="9" sl="27" sc="13" el="27" ec="14" bec="0" bev="0" fileid="1" />
                <SequencePoint vc="2" uspid="14" ordinal="3" offset="10" sl="28" sc="17" el="28" ec="46" bec="2" bev="2" fileid="1" />
                <SequencePoint vc="1" uspid="15" ordinal="4" offset="18" sl="29" sc="21" el="29" ec="30" bec="0" bev="0" fileid="1" />
                <SequencePoint vc="1" uspid="16" ordinal="5" offset="22" sl="31" sc="21" el="31" ec="30" bec="0" bev="0" fileid="1" />
                <SequencePoint vc="5" uspid="17" ordinal="6" offset="26" sl="33" sc="18" el="33" ec="46" bec="2" bev="2" fileid="1" />
                <SequencePoint vc="1" uspid="18" ordinal="7" offset="34" sl="34" sc="17" el="34" ec="26" bec="0" bev="0" fileid="1" />
                <SequencePoint vc="4" uspid="19" ordinal="8" offset="38" sl="35" sc="18" el="35" ec="35" bec="2" bev="2" fileid="1" />
                <SequencePoint vc="3" uspid="20" ordinal="9" offset="48" sl="36" sc="17" el="36" ec="26" bec="0" bev="0" fileid="1" />
                <SequencePoint vc="1" uspid="21" ordinal="10" offset="52" sl="38" sc="17" el="38" ec="26" bec="0" bev="0" fileid="1" />
                <SequencePoint vc="7" uspid="22" ordinal="11" offset="56" sl="39" sc="9" el="39" ec="10" bec="0" bev="0" fileid="1" />
              </SequencePoints>
              <BranchPoints>
                <BranchPoint vc="2" uspid="23" ordinal="0" offset="7" sl="26" path="0" offsetend="9" fileid="1" />
                <BranchPoint vc="5" uspid="24" ordinal="1" offset="7" sl="26" path="1" offsetend="26" fileid="1" />
                <BranchPoint vc="1" uspid="25" ordinal="2" offset="16" sl="28" path="0" offsetend="18" fileid="1" />
                <BranchPoint vc="1" uspid="26" ordinal="3" offset="16" sl="28" path="1" offsetend="22" fileid="1" />
                <BranchPoint vc="1" uspid="27" ordinal="4" offset="32" sl="33" path="0" offsetend="34" fileid="1" />
                <BranchPoint vc="4" uspid="28" ordinal="5" offset="32" sl="33" path="1" offsetend="38" fileid="1" />
                <BranchPoint vc="3" uspid="29" ordinal="6" offset="46" sl="35" path="0" offsetend="48" fileid="1" />
                <BranchPoint vc="1" uspid="30" ordinal="7" offset="46" sl="35" path="1" offsetend="52" fileid="1" />
              </BranchPoints>
              <MethodPoint xsi:type="SequencePoint" vc="7" uspid="11" ordinal="0" offset="0" sl="25" sc="9" el="25" ec="10" bec="0" bev="0" fileid="1" />
            </Method>
            <Method visited="false" cyclomaticComplexity="1" nPathComplexity="0" sequenceCoverage="0" branchCoverage="0" crapScore="2" isConstructor="true" isStatic="false" isGetter="false" isSetter="false">
              <Summary numSequencePoints="0" visitedSequencePoints="0" numBranchPoints="0" visitedBranchPoints="0" sequenceCoverage="0" branchCoverage="0" maxCyclomaticComplexity="1" minCyclomaticComplexity="1" maxCrapScore="2" minCrapScore="2" visitedClasses="0" numClasses="0" visitedMethods="0" numMethods="0" />
              <MetadataToken>100663301</MetadataToken>
              <Name>System.Void DuongHoangLanAnh_Module03.Bai01::.ctor()</Name>
              <SequencePoints />
              <BranchPoints />
              <MethodPoint vc="0" uspid="31" ordinal="0" offset="0" />
            </Method>
          </Methods>
        </Class>
        <Class>
          <Summary numSequencePoints="25" visitedSequencePoints="25" numBranchPoints="12" visitedBranchPoints="12" sequenceCoverage="100" branchCoverage="100" maxCyclomaticComplexity="5" minCyclomaticComplexity="1" maxCrapScore="5" minCrapScore="1" visitedClasses="1" numClasses="1" visitedMethods="4" numMethods="4" />
          <FullName>DuongHoangLanAnh_Module03.Bai02</FullName>
          <Methods>
            <Method visited="true" cyclomaticComplexity="1" nPathComplexity="0" sequenceCoverage="100" branchCoverage="100" crapScore="1" isConstructor="false" isStatic="false" isGetter="true" isSetter="false">
              <Summary numSequencePoints="1" visitedSequencePoints="1" numBranchPoints="1" visitedBranchPoints="1" sequenceCoverage="100" branchCoverage="100" maxCyclomaticComplexity="1" minCyclomaticComplexity="1" maxCrapScore="1" minCrapScore="1" visitedClasses="0" numClasses="0" visitedMethods="1" numMethods="1" />
              <MetadataToken>100663302</MetadataToken>
              <Name>Microsoft.VisualStudio.TestTools.UnitTesting.TestContext DuongHoangLanAnh_Module03.Bai02::get_TestContext()</Name>
              <FileRef uid="2" />
              <SequencePoints>
                <SequencePoint vc="16" uspid="32" ordinal="0" offset="0" sl="13" sc="42" el="13" ec="46" bec="0" bev="0" fileid="2" />
              </SequencePoints>
              <BranchPoints />
              <MethodPoint xsi:type="SequencePoint" vc="16" uspid="32" ordinal="0" offset="0" sl="13" sc="42" el="13" ec="46" bec="0" bev="0" fileid="2" />
            </Method>
            <Method visited="true" cyclomaticComplexity="1" nPathComplexity="0" sequenceCoverage="100" branchCoverage="100" crapScore="1" isConstructor="false" isStatic="false" isGetter="false" isSetter="true">
              <Summary numSequencePoints="1" visitedSequencePoints="1" numBranchPoints="1" visitedBranchPoints="1" sequenceCoverage="100" branchCoverage="100" maxCyclomaticComplexity="1" minCyclomaticComplexity="1" maxCrapScore="1" minCrapScore="1" visitedClasses="0" numClasses="0" visitedMethods="1" numMethods="1" />
              <MetadataToken>100663303</MetadataToken>
              <Name>System.Void DuongHoangLanAnh_Module03.Bai02::set_TestContext(Microsoft.VisualStudio.TestTools.UnitTesting.TestContext)</Name>
              <FileRef uid="2" />
              <SequencePoints>
                <SequencePoint vc="4" uspid="33" ordinal="0" offset="0" sl="13" sc="47" el="13" ec="51" bec="0" bev="0" fileid="2" />
              </SequencePoints>
              <BranchPoints />
              <MethodPoint xsi:type="SequencePoint" vc="4" uspid="33" ordinal="0" offset="0" sl="13" sc="47" el="13" ec="51" bec="0" bev="0" fileid="2" />
            </Method>
            <Method visited="true" cyclomaticComplexity="1" nPathComplexity="0" sequenceCoverage="100" branchCoverage="100" crapScore="1" isConstructor="false" isStatic="false" isGetter="false" isSetter="false">
              <Summary numSequencePoints="8" visitedSequencePoints="8" numBranchPoints="1" visitedBranchPoints="1" sequenceCoverage="100" branchCoverage="100" maxCyclomaticComplexity="1" minCyclomaticComplexity="1" maxCrapScore="1" minCrapScore="1" visitedClasses="0" numClasses="0" visitedMethods="1" numMethods="1" />
              <MetadataToken>100663304</MetadataToken>
              <Name>System.Void DuongHoangLanAnh_Module03.Bai02::FunctionToTest_DataDrivenTest()</Name>
              <FileRef uid="2" />
              <SequencePoints>
                <SequencePoint vc="4" uspid="34" ordinal="0" offset="0" sl="18" sc="9" el="18" ec="10" bec="0" bev="0" fileid="2" />
                <SequencePoint vc="4" uspid="35" ordinal="1" offset="1" sl="19" sc="13" el="19" ec="63" bec="0" bev="0" fileid="2" />
                <SequencePoint vc="4" uspid="36" ordinal="2" offset="28" sl="20" sc="13" el="20" ec="63" bec="0" bev="0" fileid="2" />
                <SequencePoint vc="4" uspid="37" ordinal="3" offset="55" sl="21" sc="13" el="21" ec="63" bec="0" bev="0" fileid="2" />
                <SequencePoint vc="4" uspid="38" ordinal="4" offset="82" sl="22" sc="13" el="22" ec="80" bec="0" bev="0" fileid="2" />
                <SequencePoint vc="4" uspid="39" ordinal="5" offset="109" sl="24" sc="13" el="24" ec="53" bec="0" bev="0" fileid="2" />
                <SequencePoint vc="4" uspid="40" ordinal="6" offset="120" sl="25" sc="13" el="25" ec="47" bec="0" bev="0" fileid="2" />
                <SequencePoint vc="4" uspid="41" ordinal="7" offset="129" sl="26" sc="9" el="26" ec="10" bec="0" bev="0" fileid="2" />
              </SequencePoints>
              <BranchPoints />
              <MethodPoint xsi:type="SequencePoint" vc="4" uspid="34" ordinal="0" offset="0" sl="18" sc="9" el="18" ec="10" bec="0" bev="0" fileid="2" />
            </Method>
            <Method visited="true" cyclomaticComplexity="5" nPathComplexity="16" sequenceCoverage="100" branchCoverage="100" crapScore="5" isConstructor="false" isStatic="false" isGetter="false" isSetter="false">
              <Summary numSequencePoints="15" visitedSequencePoints="15" numBranchPoints="9" visitedBranchPoints="9" sequenceCoverage="100" branchCoverage="100" maxCyclomaticComplexity="5" minCyclomaticComplexity="5" maxCrapScore="5" minCrapScore="5" visitedClasses="0" numClasses="0" visitedMethods="1" numMethods="1" />
              <MetadataToken>100663305</MetadataToken>
              <Name>System.String DuongHoangLanAnh_Module03.Bai02::FunctionToTest(System.Int32,System.Int32,System.Int32)</Name>
              <FileRef uid="2" />
              <SequencePoints>
                <SequencePoint vc="4" uspid="42" ordinal="0" offset="0" sl="29" sc="9" el="29" ec="10" bec="0" bev="0" fileid="2" />
                <SequencePoint vc="4" uspid="43" ordinal="1" offset="1" sl="30" sc="13" el="30" ec="34" bec="4" bev="4" fileid="2" />
                <SequencePoint vc="1" uspid="44" ordinal="2" offset="16" sl="31" sc="13" el="31" ec="14" bec="0" bev="0" fileid="2" />
                <SequencePoint vc="1" uspid="45" ordinal="3" offset="17" sl="32" sc="17" el="32" ec="28" bec="0" bev="0" fileid="2" />
                <SequencePoint vc="3" uspid="46" ordinal="4" offset="25" sl="35" sc="13" el="35" ec="14" bec="0" bev="0" fileid="2" />
                <SequencePoint vc="3" uspid="47" ordinal="5" offset="26" sl="36" sc="17" el="36" ec="29" bec="2" bev="2" fileid="2" />
                <SequencePoint vc="1" uspid="48" ordinal="6" offset="38" sl="37" sc="17" el="37" ec="18" bec="0" bev="0" fileid="2" />
                <SequencePoint vc="1" uspid="49" ordinal="7" offset="39" sl="38" sc="21" el="38" ec="32" bec="0" bev="0" fileid="2" />
                <SequencePoint vc="2" uspid="50" ordinal="8" offset="47" sl="41" sc="17" el="41" ec="18" bec="0" bev="0" fileid="2" />
                <SequencePoint vc="2" uspid="51" ordinal="9" offset="48" sl="42" sc="21" el="42" ec="31" bec="2" bev="2" fileid="2" />
                <SequencePoint vc="1" uspid="52" ordinal="10" offset="56" sl="43" sc="21" el="43" ec="22" bec="0" bev="0" fileid="2" />
                <SequencePoint vc="1" uspid="53" ordinal="11" offset="57" sl="44" sc="25" el="44" ec="36" bec="0" bev="0" fileid="2" />
                <SequencePoint vc="1" uspid="54" ordinal="12" offset="65" sl="47" sc="21" el="47" ec="22" bec="0" bev="0" fileid="2" />
                <SequencePoint vc="1" uspid="55" ordinal="13" offset="66" sl="48" sc="25" el="48" ec="36" bec="0" bev="0" fileid="2" />
                <SequencePoint vc="4" uspid="56" ordinal="14" offset="74" sl="52" sc="9" el="52" ec="10" bec="0" bev="0" fileid="2" />
              </SequencePoints>
              <BranchPoints>
                <BranchPoint vc="3" uspid="57" ordinal="0" offset="3" sl="30" path="0" offsetend="5" fileid="2" />
                <BranchPoint vc="1" uspid="58" ordinal="1" offset="3" sl="30" path="1" offsetend="11" fileid="2" />
                <BranchPoint vc="1" uspid="59" ordinal="2" offset="14" sl="30" path="0" offsetend="16" fileid="2" />
                <BranchPoint vc="3" uspid="60" ordinal="3" offset="14" sl="30" path="1" offsetend="25" fileid="2" />
                <BranchPoint vc="1" uspid="61" ordinal="4" offset="36" sl="36" path="0" offsetend="38" fileid="2" />
                <BranchPoint vc="2" uspid="62" ordinal="5" offset="36" sl="36" path="1" offsetend="47" fileid="2" />
                <BranchPoint vc="1" uspid="63" ordinal="6" offset="54" sl="42" path="0" offsetend="56" fileid="2" />
                <BranchPoint vc="1" uspid="64" ordinal="7" offset="54" sl="42" path="1" offsetend="65" fileid="2" />
              </BranchPoints>
              <MethodPoint xsi:type="SequencePoint" vc="4" uspid="42" ordinal="0" offset="0" sl="29" sc="9" el="29" ec="10" bec="0" bev="0" fileid="2" />
            </Method>
            <Method visited="false" cyclomaticComplexity="1" nPathComplexity="0" sequenceCoverage="0" branchCoverage="0" crapScore="2" isConstructor="true" isStatic="false" isGetter="false" isSetter="false">
              <Summary numSequencePoints="0" visitedSequencePoints="0" numBranchPoints="0" visitedBranchPoints="0" sequenceCoverage="0" branchCoverage="0" maxCyclomaticComplexity="1" minCyclomaticComplexity="1" maxCrapScore="2" minCrapScore="2" visitedClasses="0" numClasses="0" visitedMethods="0" numMethods="0" />
              <MetadataToken>100663306</MetadataToken>
              <Name>System.Void DuongHoangLanAnh_Module03.Bai02::.ctor()</Name>
              <SequencePoints />
              <BranchPoints />
              <MethodPoint vc="0" uspid="65" ordinal="0" offset="0" />
            </Method>
          </Methods>
        </Class>
        <Class>
          <Summary numSequencePoints="35" visitedSequencePoints="32" numBranchPoints="10" visitedBranchPoints="9" sequenceCoverage="91.43" branchCoverage="90" maxCyclomaticComplexity="4" minCyclomaticComplexity="1" maxCrapScore="4.04" minCrapScore="1" visitedClasses="1" numClasses="1" visitedMethods="4" numMethods="4" />
          <FullName>DuongHoangLanAnh_Module03.Bai03</FullName>
          <Methods>
            <Method visited="true" cyclomaticComplexity="1" nPathComplexity="0" sequenceCoverage="100" branchCoverage="100" crapScore="1" isConstructor="false" isStatic="false" isGetter="true" isSetter="false">
              <Summary numSequencePoints="1" visitedSequencePoints="1" numBranchPoints="1" visitedBranchPoints="1" sequenceCoverage="100" branchCoverage="100" maxCyclomaticComplexity="1" minCyclomaticComplexity="1" maxCrapScore="1" minCrapScore="1" visitedClasses="0" numClasses="0" visitedMethods="1" numMethods="1" />
              <MetadataToken>100663307</MetadataToken>
              <Name>Microsoft.VisualStudio.TestTools.UnitTesting.TestContext DuongHoangLanAnh_Module03.Bai03::get_TestContext()</Name>
              <FileRef uid="3" />
              <SequencePoints>
                <SequencePoint vc="20" uspid="66" ordinal="0" offset="0" sl="13" sc="42" el="13" ec="46" bec="0" bev="0" fileid="3" />
              </SequencePoints>
              <BranchPoints />
              <MethodPoint xsi:type="SequencePoint" vc="20" uspid="66" ordinal="0" offset="0" sl="13" sc="42" el="13" ec="46" bec="0" bev="0" fileid="3" />
            </Method>
            <Method visited="true" cyclomaticComplexity="1" nPathComplexity="0" sequenceCoverage="100" branchCoverage="100" crapScore="1" isConstructor="false" isStatic="false" isGetter="false" isSetter="true">
              <Summary numSequencePoints="1" visitedSequencePoints="1" numBranchPoints="1" visitedBranchPoints="1" sequenceCoverage="100" branchCoverage="100" maxCyclomaticComplexity="1" minCyclomaticComplexity="1" maxCrapScore="1" minCrapScore="1" visitedClasses="0" numClasses="0" visitedMethods="1" numMethods="1" />
              <MetadataToken>100663308</MetadataToken>
              <Name>System.Void DuongHoangLanAnh_Module03.Bai03::set_TestContext(Microsoft.VisualStudio.TestTools.UnitTesting.TestContext)</Name>
              <FileRef uid="3" />
              <SequencePoints>
                <SequencePoint vc="4" uspid="67" ordinal="0" offset="0" sl="13" sc="47" el="13" ec="51" bec="0" bev="0" fileid="3" />
              </SequencePoints>
              <BranchPoints />
              <MethodPoint xsi:type="SequencePoint" vc="4" uspid="67" ordinal="0" offset="0" sl="13" sc="47" el="13" ec="51" bec="0" bev="0" fileid="3" />
            </Method>
            <Method visited="true" cyclomaticComplexity="1" nPathComplexity="0" sequenceCoverage="100" branchCoverage="100" crapScore="1" isConstructor="false" isStatic="false" isGetter="false" isSetter="false">
              <Summary numSequencePoints="10" visitedSequencePoints="10" numBranchPoints="1" visitedBranchPoints="1" sequenceCoverage="100" branchCoverage="100" maxCyclomaticComplexity="1" minCyclomaticComplexity="1" maxCrapScore="1" minCrapScore="1" visitedClasses="0" numClasses="0" visitedMethods="1" numMethods="1" />
              <MetadataToken>100663309</MetadataToken>
              <Name>System.Void DuongHoangLanAnh_Module03.Bai03::MaxAndMean_DataDrivenTest()</Name>
              <FileRef uid="3" />
              <SequencePoints>
                <SequencePoint vc="4" uspid="68" ordinal="0" offset="0" sl="18" sc="9" el="18" ec="10" bec="0" bev="0" fileid="3" />
                <SequencePoint vc="4" uspid="69" ordinal="1" offset="1" sl="19" sc="13" el="19" ec="63" bec="0" bev="0" fileid="3" />
                <SequencePoint vc="4" uspid="70" ordinal="2" offset="28" sl="20" sc="13" el="20" ec="63" bec="0" bev="0" fileid="3" />
                <SequencePoint vc="4" uspid="71" ordinal="3" offset="55" sl="21" sc="13" el="21" ec="63" bec="0" bev="0" fileid="3" />
                <SequencePoint vc="4" uspid="72" ordinal="4" offset="82" sl="22" sc="13" el="22" ec="83" bec="0" bev="0" fileid="3" />
                <SequencePoint vc="4" uspid="73" ordinal="5" offset="109" sl="23" sc="13" el="23" ec="89" bec="0" bev="0" fileid="3" />
                <SequencePoint vc="4" uspid="74" ordinal="6" offset="137" sl="26" sc="13" el="26" ec="53" bec="0" bev="0" fileid="3" />
                <SequencePoint vc="4" uspid="75" ordinal="7" offset="150" sl="27" sc="13" el="27" ec="47" bec="0" bev="0" fileid="3" />
                <SequencePoint vc="4" uspid="76" ordinal="8" offset="159" sl="28" sc="13" el="28" ec="55" bec="0" bev="0" fileid="3" />
                <SequencePoint vc="4" uspid="77" ordinal="9" offset="178" sl="29" sc="9" el="29" ec="10" bec="0" bev="0" fileid="3" />
              </SequencePoints>
              <BranchPoints />
              <MethodPoint xsi:type="SequencePoint" vc="4" uspid="68" ordinal="0" offset="0" sl="18" sc="9" el="18" ec="10" bec="0" bev="0" fileid="3" />
            </Method>
            <Method visited="true" cyclomaticComplexity="4" nPathComplexity="8" sequenceCoverage="86.96" branchCoverage="85.71" crapScore="4.04" isConstructor="false" isStatic="false" isGetter="false" isSetter="false">
              <Summary numSequencePoints="23" visitedSequencePoints="20" numBranchPoints="7" visitedBranchPoints="6" sequenceCoverage="86.96" branchCoverage="85.71" maxCyclomaticComplexity="4" minCyclomaticComplexity="4" maxCrapScore="4.04" minCrapScore="4.04" visitedClasses="0" numClasses="0" visitedMethods="1" numMethods="1" />
              <MetadataToken>100663310</MetadataToken>
              <Name>System.Int32 DuongHoangLanAnh_Module03.Bai03::MaxAndMean(System.Int32,System.Int32,System.Int32,System.Double&amp;)</Name>
              <FileRef uid="3" />
              <SequencePoints>
                <SequencePoint vc="4" uspid="78" ordinal="0" offset="0" sl="32" sc="9" el="32" ec="10" bec="0" bev="0" fileid="3" />
                <SequencePoint vc="4" uspid="79" ordinal="1" offset="1" sl="33" sc="13" el="33" ec="38" bec="0" bev="0" fileid="3" />
                <SequencePoint vc="4" uspid="80" ordinal="2" offset="20" sl="35" sc="13" el="35" ec="23" bec="2" bev="2" fileid="3" />
                <SequencePoint vc="1" uspid="81" ordinal="3" offset="28" sl="36" sc="13" el="36" ec="14" bec="0" bev="0" fileid="3" />
                <SequencePoint vc="1" uspid="82" ordinal="4" offset="29" sl="37" sc="17" el="37" ec="27" bec="2" bev="1" fileid="3" />
                <SequencePoint vc="1" uspid="83" ordinal="5" offset="37" sl="38" sc="17" el="38" ec="18" bec="0" bev="0" fileid="3" />
                <SequencePoint vc="1" uspid="84" ordinal="6" offset="38" sl="39" sc="21" el="39" ec="33" bec="0" bev="0" fileid="3" />
                <SequencePoint vc="1" uspid="85" ordinal="7" offset="40" sl="40" sc="17" el="40" ec="18" bec="0" bev="0" fileid="3" />
                <SequencePoint vc="0" uspid="86" ordinal="8" offset="43" sl="42" sc="17" el="42" ec="18" bec="0" bev="0" fileid="3" />
                <SequencePoint vc="0" uspid="87" ordinal="9" offset="44" sl="43" sc="21" el="43" ec="33" bec="0" bev="0" fileid="3" />
                <SequencePoint vc="0" uspid="88" ordinal="10" offset="46" sl="44" sc="17" el="44" ec="18" bec="0" bev="0" fileid="3" />
                <SequencePoint vc="1" uspid="89" ordinal="11" offset="47" sl="45" sc="13" el="45" ec="14" bec="0" bev="0" fileid="3" />
                <SequencePoint vc="3" uspid="90" ordinal="12" offset="50" sl="47" sc="13" el="47" ec="14" bec="0" bev="0" fileid="3" />
                <SequencePoint vc="3" uspid="91" ordinal="13" offset="51" sl="48" sc="17" el="48" ec="27" bec="2" bev="2" fileid="3" />
                <SequencePoint vc="2" uspid="92" ordinal="14" offset="59" sl="49" sc="17" el="49" ec="18" bec="0" bev="0" fileid="3" />
                <SequencePoint vc="2" uspid="93" ordinal="15" offset="60" sl="50" sc="21" el="50" ec="33" bec="0" bev="0" fileid="3" />
                <SequencePoint vc="2" uspid="94" ordinal="16" offset="62" sl="51" sc="17" el="51" ec="18" bec="0" bev="0" fileid="3" />
                <SequencePoint vc="1" uspid="95" ordinal="17" offset="65" sl="53" sc="17" el="53" ec="18" bec="0" bev="0" fileid="3" />
                <SequencePoint vc="1" uspid="96" ordinal="18" offset="66" sl="54" sc="21" el="54" ec="33" bec="0" bev="0" fileid="3" />
                <SequencePoint vc="1" uspid="97" ordinal="19" offset="68" sl="55" sc="17" el="55" ec="18" bec="0" bev="0" fileid="3" />
                <SequencePoint vc="3" uspid="98" ordinal="20" offset="69" sl="56" sc="13" el="56" ec="14" bec="0" bev="0" fileid="3" />
                <SequencePoint vc="4" uspid="99" ordinal="21" offset="70" sl="57" sc="13" el="57" ec="28" bec="0" bev="0" fileid="3" />
                <SequencePoint vc="4" uspid="100" ordinal="22" offset="75" sl="58" sc="9" el="58" ec="10" bec="0" bev="0" fileid="3" />
              </SequencePoints>
              <BranchPoints>
                <BranchPoint vc="1" uspid="101" ordinal="0" offset="26" sl="35" path="0" offsetend="28" fileid="3" />
                <BranchPoint vc="3" uspid="102" ordinal="1" offset="26" sl="35" path="1" offsetend="50" fileid="3" />
                <BranchPoint vc="1" uspid="103" ordinal="2" offset="35" sl="37" path="0" offsetend="37" fileid="3" />
                <BranchPoint vc="0" uspid="104" ordinal="3" offset="35" sl="37" path="1" offsetend="43" fileid="3" />
                <BranchPoint vc="2" uspid="105" ordinal="4" offset="57" sl="48" path="0" offsetend="59" fileid="3" />
                <BranchPoint vc="1" uspid="106" ordinal="5" offset="57" sl="48" path="1" offsetend="65" fileid="3" />
              </BranchPoints>
              <MethodPoint xsi:type="SequencePoint" vc="4" uspid="78" ordinal="0" offset="0" sl="32" sc="9" el="32" ec="10" bec="0" bev="0" fileid="3" />
            </Method>
            <Method visited="false" cyclomaticComplexity="1" nPathComplexity="0" sequenceCoverage="0" branchCoverage="0" crapScore="2" isConstructor="true" isStatic="false" isGetter="false" isSetter="false">
              <Summary numSequencePoints="0" visitedSequencePoints="0" numBranchPoints="0" visitedBranchPoints="0" sequenceCoverage="0" branchCoverage="0" maxCyclomaticComplexity="1" minCyclomaticComplexity="1" maxCrapScore="2" minCrapScore="2" visitedClasses="0" numClasses="0" visitedMethods="0" numMethods="0" />
              <MetadataToken>100663311</MetadataToken>
              <Name>System.Void DuongHoangLanAnh_Module03.Bai03::.ctor()</Name>
              <SequencePoints />
              <BranchPoints />
              <MethodPoint vc="0" uspid="107" ordinal="0" offset="0" />
            </Method>
          </Methods>
        </Class>
        <Class>
          <Summary numSequencePoints="24" visitedSequencePoints="24" numBranchPoints="14" visitedBranchPoints="14" sequenceCoverage="100" branchCoverage="100" maxCyclomaticComplexity="6" minCyclomaticComplexity="1" maxCrapScore="6" minCrapScore="1" visitedClasses="1" numClasses="1" visitedMethods="4" numMethods="4" />
          <FullName>DuongHoangLanAnh_Module03.Bai04</FullName>
          <Methods>
            <Method visited="true" cyclomaticComplexity="1" nPathComplexity="0" sequenceCoverage="100" branchCoverage="100" crapScore="1" isConstructor="false" isStatic="false" isGetter="true" isSetter="false">
              <Summary numSequencePoints="1" visitedSequencePoints="1" numBranchPoints="1" visitedBranchPoints="1" sequenceCoverage="100" branchCoverage="100" maxCyclomaticComplexity="1" minCyclomaticComplexity="1" maxCrapScore="1" minCrapScore="1" visitedClasses="0" numClasses="0" visitedMethods="1" numMethods="1" />
              <MetadataToken>100663312</MetadataToken>
              <Name>Microsoft.VisualStudio.TestTools.UnitTesting.TestContext DuongHoangLanAnh_Module03.Bai04::get_TestContext()</Name>
              <FileRef uid="4" />
              <SequencePoints>
                <SequencePoint vc="20" uspid="108" ordinal="0" offset="0" sl="13" sc="42" el="13" ec="46" bec="0" bev="0" fileid="4" />
              </SequencePoints>
              <BranchPoints />
              <MethodPoint xsi:type="SequencePoint" vc="20" uspid="108" ordinal="0" offset="0" sl="13" sc="42" el="13" ec="46" bec="0" bev="0" fileid="4" />
            </Method>
            <Method visited="true" cyclomaticComplexity="1" nPathComplexity="0" sequenceCoverage="100" branchCoverage="100" crapScore="1" isConstructor="false" isStatic="false" isGetter="false" isSetter="true">
              <Summary numSequencePoints="1" visitedSequencePoints="1" numBranchPoints="1" visitedBranchPoints="1" sequenceCoverage="100" branchCoverage="100" maxCyclomaticComplexity="1" minCyclomaticComplexity="1" maxCrapScore="1" minCrapScore="1" visitedClasses="0" numClasses="0" visitedMethods="1" numMethods="1" />
              <MetadataToken>100663313</MetadataToken>
              <Name>System.Void DuongHoangLanAnh_Module03.Bai04::set_TestContext(Microsoft.VisualStudio.TestTools.UnitTesting.TestContext)</Name>
              <FileRef uid="4" />
              <SequencePoints>
                <SequencePoint vc="4" uspid="109" ordinal="0" offset="0" sl="13" sc="47" el="13" ec="51" bec="0" bev="0" fileid="4" />
              </SequencePoints>
              <BranchPoints />
              <MethodPoint xsi:type="SequencePoint" vc="4" uspid="109" ordinal="0" offset="0" sl="13" sc="47" el="13" ec="51" bec="0" bev="0" fileid="4" />
            </Method>
            <Method visited="true" cyclomaticComplexity="1" nPathComplexity="0" sequenceCoverage="100" branchCoverage="100" crapScore="1" isConstructor="false" isStatic="false" isGetter="false" isSetter="false">
              <Summary numSequencePoints="11" visitedSequencePoints="11" numBranchPoints="1" visitedBranchPoints="1" sequenceCoverage="100" branchCoverage="100" maxCyclomaticComplexity="1" minCyclomaticComplexity="1" maxCrapScore="1" minCrapScore="1" visitedClasses="0" numClasses="0" visitedMethods="1" numMethods="1" />
              <MetadataToken>100663314</MetadataToken>
              <Name>System.Void DuongHoangLanAnh_Module03.Bai04::Max_DataDrivenTest()</Name>
              <FileRef uid="4" />
              <SequencePoints>
                <SequencePoint vc="4" uspid="110" ordinal="0" offset="0" sl="18" sc="9" el="18" ec="10" bec="0" bev="0" fileid="4" />
                <SequencePoint vc="4" uspid="111" ordinal="1" offset="1" sl="19" sc="13" el="19" ec="63" bec="0" bev="0" fileid="4" />
                <SequencePoint vc="4" uspid="112" ordinal="2" offset="28" sl="20" sc="13" el="20" ec="63" bec="0" bev="0" fileid="4" />
                <SequencePoint vc="4" uspid="113" ordinal="3" offset="55" sl="21" sc="13" el="21" ec="63" bec="0" bev="0" fileid="4" />
                <SequencePoint vc="4" uspid="114" ordinal="4" offset="82" sl="22" sc="13" el="22" ec="83" bec="0" bev="0" fileid="4" />
                <SequencePoint vc="4" uspid="115" ordinal="5" offset="109" sl="23" sc="13" el="23" ec="89" bec="0" bev="0" fileid="4" />
                <SequencePoint vc="4" uspid="116" ordinal="6" offset="137" sl="25" sc="13" el="25" ec="39" bec="0" bev="0" fileid="4" />
                <SequencePoint vc="4" uspid="117" ordinal="7" offset="148" sl="26" sc="13" el="26" ec="45" bec="0" bev="0" fileid="4" />
                <SequencePoint vc="4" uspid="118" ordinal="8" offset="166" sl="27" sc="13" el="27" ec="50" bec="0" bev="0" fileid="4" />
                <SequencePoint vc="4" uspid="119" ordinal="9" offset="175" sl="28" sc="13" el="28" ec="55" bec="0" bev="0" fileid="4" />
                <SequencePoint vc="4" uspid="120" ordinal="10" offset="194" sl="29" sc="9" el="29" ec="10" bec="0" bev="0" fileid="4" />
              </SequencePoints>
              <BranchPoints />
              <MethodPoint xsi:type="SequencePoint" vc="4" uspid="110" ordinal="0" offset="0" sl="18" sc="9" el="18" ec="10" bec="0" bev="0" fileid="4" />
            </Method>
            <Method visited="true" cyclomaticComplexity="6" nPathComplexity="32" sequenceCoverage="100" branchCoverage="100" crapScore="6" isConstructor="false" isStatic="false" isGetter="false" isSetter="false">
              <Summary numSequencePoints="11" visitedSequencePoints="11" numBranchPoints="11" visitedBranchPoints="11" sequenceCoverage="100" branchCoverage="100" maxCyclomaticComplexity="6" minCyclomaticComplexity="6" maxCrapScore="6" minCrapScore="6" visitedClasses="0" numClasses="0" visitedMethods="1" numMethods="1" />
              <MetadataToken>100663315</MetadataToken>
              <Name>System.Int32 DuongHoangLanAnh_Module03.Bai04::Max(System.Int32,System.Int32,System.Int32)</Name>
              <FileRef uid="4" />
              <SequencePoints>
                <SequencePoint vc="4" uspid="121" ordinal="0" offset="0" sl="32" sc="9" el="32" ec="10" bec="0" bev="0" fileid="4" />
                <SequencePoint vc="4" uspid="122" ordinal="1" offset="1" sl="33" sc="13" el="33" ec="25" bec="0" bev="0" fileid="4" />
                <SequencePoint vc="4" uspid="123" ordinal="2" offset="3" sl="34" sc="13" el="34" ec="41" bec="5" bev="5" fileid="4" />
                <SequencePoint vc="3" uspid="124" ordinal="3" offset="22" sl="35" sc="17" el="35" ec="25" bec="0" bev="0" fileid="4" />
                <SequencePoint vc="1" uspid="125" ordinal="4" offset="26" sl="37" sc="17" el="37" ec="26" bec="0" bev="0" fileid="4" />
                <SequencePoint vc="3" uspid="126" ordinal="5" offset="30" sl="38" sc="13" el="38" ec="25" bec="2" bev="2" fileid="4" />
                <SequencePoint vc="2" uspid="127" ordinal="6" offset="38" sl="39" sc="17" el="39" ec="25" bec="0" bev="0" fileid="4" />
                <SequencePoint vc="3" uspid="128" ordinal="7" offset="40" sl="40" sc="13" el="40" ec="25" bec="2" bev="2" fileid="4" />
                <SequencePoint vc="2" uspid="129" ordinal="8" offset="50" sl="41" sc="17" el="41" ec="25" bec="0" bev="0" fileid="4" />
                <SequencePoint vc="3" uspid="130" ordinal="9" offset="52" sl="42" sc="13" el="42" ec="24" bec="0" bev="0" fileid="4" />
                <SequencePoint vc="4" uspid="131" ordinal="10" offset="56" sl="43" sc="9" el="43" ec="10" bec="0" bev="0" fileid="4" />
              </SequencePoints>
              <BranchPoints>
                <BranchPoint vc="3" uspid="132" ordinal="0" offset="5" sl="34" path="0" offsetend="7" fileid="4" />
                <BranchPoint vc="1" uspid="133" ordinal="1" offset="5" sl="34" path="1" offsetend="17" fileid="4" />
                <BranchPoint vc="3" uspid="134" ordinal="2" offset="9" sl="34" path="0" offsetend="11" fileid="4" />
                <BranchPoint vc="1" uspid="135" ordinal="3" offset="9" sl="34" path="1" offsetend="17" fileid="4" />
                <BranchPoint vc="3" uspid="136" ordinal="4" offset="20" sl="34" path="0" offsetend="22" fileid="4" />
                <BranchPoint vc="1" uspid="137" ordinal="5" offset="20" sl="34" path="1" offsetend="26" fileid="4" />
                <BranchPoint vc="2" uspid="138" ordinal="6" offset="36" sl="38" path="0" offsetend="38" fileid="4" />
                <BranchPoint vc="1" uspid="139" ordinal="7" offset="36" sl="38" path="1" offsetend="40" fileid="4" />
                <BranchPoint vc="2" uspid="140" ordinal="8" offset="48" sl="40" path="0" offsetend="50" fileid="4" />
                <BranchPoint vc="1" uspid="141" ordinal="9" offset="48" sl="40" path="1" offsetend="52" fileid="4" />
              </BranchPoints>
              <MethodPoint xsi:type="SequencePoint" vc="4" uspid="121" ordinal="0" offset="0" sl="32" sc="9" el="32" ec="10" bec="0" bev="0" fileid="4" />
            </Method>
            <Method visited="false" cyclomaticComplexity="1" nPathComplexity="0" sequenceCoverage="0" branchCoverage="0" crapScore="2" isConstructor="true" isStatic="false" isGetter="false" isSetter="false">
              <Summary numSequencePoints="0" visitedSequencePoints="0" numBranchPoints="0" visitedBranchPoints="0" sequenceCoverage="0" branchCoverage="0" maxCyclomaticComplexity="1" minCyclomaticComplexity="1" maxCrapScore="2" minCrapScore="2" visitedClasses="0" numClasses="0" visitedMethods="0" numMethods="0" />
              <MetadataToken>100663316</MetadataToken>
              <Name>System.Void DuongHoangLanAnh_Module03.Bai04::.ctor()</Name>
              <SequencePoints />
              <BranchPoints />
              <MethodPoint vc="0" uspid="142" ordinal="0" offset="0" />
            </Method>
          </Methods>
        </Class>
        <Class>
          <Summary numSequencePoints="44" visitedSequencePoints="41" numBranchPoints="30" visitedBranchPoints="27" sequenceCoverage="93.18" branchCoverage="90" maxCyclomaticComplexity="14" minCyclomaticComplexity="1" maxCrapScore="14.13" minCrapScore="1" visitedClasses="1" numClasses="1" visitedMethods="4" numMethods="4" />
          <FullName>DuongHoangLanAnh_Module03.Bai05</FullName>
          <Methods>
            <Method visited="true" cyclomaticComplexity="1" nPathComplexity="0" sequenceCoverage="100" branchCoverage="100" crapScore="1" isConstructor="false" isStatic="false" isGetter="true" isSetter="false">
              <Summary numSequencePoints="1" visitedSequencePoints="1" numBranchPoints="1" visitedBranchPoints="1" sequenceCoverage="100" branchCoverage="100" maxCyclomaticComplexity="1" minCyclomaticComplexity="1" maxCrapScore="1" minCrapScore="1" visitedClasses="0" numClasses="0" visitedMethods="1" numMethods="1" />
              <MetadataToken>100663317</MetadataToken>
              <Name>Microsoft.VisualStudio.TestTools.UnitTesting.TestContext DuongHoangLanAnh_Module03.Bai05::get_TestContext()</Name>
              <FileRef uid="5" />
              <SequencePoints>
                <SequencePoint vc="36" uspid="143" ordinal="0" offset="0" sl="13" sc="42" el="13" ec="46" bec="0" bev="0" fileid="5" />
              </SequencePoints>
              <BranchPoints />
              <MethodPoint xsi:type="SequencePoint" vc="36" uspid="143" ordinal="0" offset="0" sl="13" sc="42" el="13" ec="46" bec="0" bev="0" fileid="5" />
            </Method>
            <Method visited="true" cyclomaticComplexity="1" nPathComplexity="0" sequenceCoverage="100" branchCoverage="100" crapScore="1" isConstructor="false" isStatic="false" isGetter="false" isSetter="true">
              <Summary numSequencePoints="1" visitedSequencePoints="1" numBranchPoints="1" visitedBranchPoints="1" sequenceCoverage="100" branchCoverage="100" maxCyclomaticComplexity="1" minCyclomaticComplexity="1" maxCrapScore="1" minCrapScore="1" visitedClasses="0" numClasses="0" visitedMethods="1" numMethods="1" />
              <MetadataToken>100663318</MetadataToken>
              <Name>System.Void DuongHoangLanAnh_Module03.Bai05::set_TestContext(Microsoft.VisualStudio.TestTools.UnitTesting.TestContext)</Name>
              <FileRef uid="5" />
              <SequencePoints>
                <SequencePoint vc="9" uspid="144" ordinal="0" offset="0" sl="13" sc="47" el="13" ec="51" bec="0" bev="0" fileid="5" />
              </SequencePoints>
              <BranchPoints />
              <MethodPoint xsi:type="SequencePoint" vc="9" uspid="144" ordinal="0" offset="0" sl="13" sc="47" el="13" ec="51" bec="0" bev="0" fileid="5" />
            </Method>
            <Method visited="true" cyclomaticComplexity="1" nPathComplexity="0" sequenceCoverage="100" branchCoverage="100" crapScore="1" isConstructor="false" isStatic="false" isGetter="false" isSetter="false">
              <Summary numSequencePoints="8" visitedSequencePoints="8" numBranchPoints="1" visitedBranchPoints="1" sequenceCoverage="100" branchCoverage="100" maxCyclomaticComplexity="1" minCyclomaticComplexity="1" maxCrapScore="1" minCrapScore="1" visitedClasses="0" numClasses="0" visitedMethods="1" numMethods="1" />
              <MetadataToken>100663319</MetadataToken>
              <Name>System.Void DuongHoangLanAnh_Module03.Bai05::Triangle_DataDrivenTest()</Name>
              <FileRef uid="5" />
              <SequencePoints>
                <SequencePoint vc="9" uspid="145" ordinal="0" offset="0" sl="18" sc="9" el="18" ec="10" bec="0" bev="0" fileid="5" />
                <SequencePoint vc="9" uspid="146" ordinal="1" offset="1" sl="19" sc="13" el="19" ec="63" bec="0" bev="0" fileid="5" />
                <SequencePoint vc="9" uspid="147" ordinal="2" offset="28" sl="20" sc="13" el="20" ec="63" bec="0" bev="0" fileid="5" />
                <SequencePoint vc="9" uspid="148" ordinal="3" offset="55" sl="21" sc="13" el="21" ec="63" bec="0" bev="0" fileid="5" />
                <SequencePoint vc="9" uspid="149" ordinal="4" offset="82" sl="22" sc="13" el="22" ec="80" bec="0" bev="0" fileid="5" />
                <SequencePoint vc="9" uspid="150" ordinal="5" offset="109" sl="24" sc="13" el="24" ec="47" bec="0" bev="0" fileid="5" />
                <SequencePoint vc="9" uspid="151" ordinal="6" offset="120" sl="25" sc="13" el="25" ec="47" bec="0" bev="0" fileid="5" />
                <SequencePoint vc="8" uspid="152" ordinal="7" offset="129" sl="26" sc="9" el="26" ec="10" bec="0" bev="0" fileid="5" />
              </SequencePoints>
              <BranchPoints />
              <MethodPoint xsi:type="SequencePoint" vc="9" uspid="145" ordinal="0" offset="0" sl="18" sc="9" el="18" ec="10" bec="0" bev="0" fileid="5" />
            </Method>
            <Method visited="true" cyclomaticComplexity="14" nPathComplexity="8192" sequenceCoverage="91.18" branchCoverage="88.89" crapScore="14.13" isConstructor="false" isStatic="false" isGetter="false" isSetter="false">
              <Summary numSequencePoints="34" visitedSequencePoints="31" numBranchPoints="27" visitedBranchPoints="24" sequenceCoverage="91.18" branchCoverage="88.89" maxCyclomaticComplexity="14" minCyclomaticComplexity="14" maxCrapScore="14.13" minCrapScore="14.13" visitedClasses="0" numClasses="0" visitedMethods="1" numMethods="1" />
              <MetadataToken>100663320</MetadataToken>
              <Name>System.String DuongHoangLanAnh_Module03.Bai05::Triangle(System.Int32,System.Int32,System.Int32)</Name>
              <FileRef uid="5" />
              <SequencePoints>
                <SequencePoint vc="9" uspid="153" ordinal="0" offset="0" sl="29" sc="9" el="29" ec="10" bec="0" bev="0" fileid="5" />
                <SequencePoint vc="9" uspid="154" ordinal="1" offset="1" sl="30" sc="13" el="30" ec="27" bec="0" bev="0" fileid="5" />
                <SequencePoint vc="9" uspid="155" ordinal="2" offset="3" sl="31" sc="13" el="31" ec="24" bec="2" bev="2" fileid="5" />
                <SequencePoint vc="3" uspid="156" ordinal="3" offset="11" sl="32" sc="17" el="32" ec="35" bec="0" bev="0" fileid="5" />
                <SequencePoint vc="9" uspid="157" ordinal="4" offset="15" sl="33" sc="13" el="33" ec="24" bec="2" bev="2" fileid="5" />
                <SequencePoint vc="3" uspid="158" ordinal="5" offset="23" sl="34" sc="17" el="34" ec="35" bec="0" bev="0" fileid="5" />
                <SequencePoint vc="9" uspid="159" ordinal="6" offset="27" sl="35" sc="13" el="35" ec="24" bec="2" bev="2" fileid="5" />
                <SequencePoint vc="3" uspid="160" ordinal="7" offset="35" sl="36" sc="17" el="36" ec="35" bec="0" bev="0" fileid="5" />
                <SequencePoint vc="9" uspid="161" ordinal="8" offset="39" sl="37" sc="13" el="37" ec="28" bec="2" bev="2" fileid="5" />
                <SequencePoint vc="4" uspid="162" ordinal="9" offset="49" sl="38" sc="13" el="38" ec="14" bec="0" bev="0" fileid="5" />
                <SequencePoint vc="4" uspid="163" ordinal="10" offset="50" sl="39" sc="17" el="39" ec="34" bec="2" bev="2" fileid="5" />
                <SequencePoint vc="1" uspid="164" ordinal="11" offset="65" sl="40" sc="21" el="40" ec="45" bec="0" bev="0" fileid="5" />
                <SequencePoint vc="3" uspid="165" ordinal="12" offset="77" sl="41" sc="22" el="41" ec="39" bec="2" bev="2" fileid="5" />
                <SequencePoint vc="1" uspid="166" ordinal="13" offset="92" sl="42" sc="21" el="42" ec="45" bec="0" bev="0" fileid="5" />
                <SequencePoint vc="2" uspid="167" ordinal="14" offset="104" sl="43" sc="22" el="43" ec="39" bec="2" bev="2" fileid="5" />
                <SequencePoint vc="1" uspid="168" ordinal="15" offset="119" sl="44" sc="21" el="44" ec="45" bec="0" bev="0" fileid="5" />
                <SequencePoint vc="1" uspid="169" ordinal="16" offset="131" sl="46" sc="21" el="46" ec="50" bec="0" bev="0" fileid="5" />
                <SequencePoint vc="5" uspid="170" ordinal="17" offset="143" sl="48" sc="18" el="48" ec="33" bec="2" bev="2" fileid="5" />
                <SequencePoint vc="1" uspid="171" ordinal="18" offset="153" sl="49" sc="13" el="49" ec="14" bec="0" bev="0" fileid="5" />
                <SequencePoint vc="1" uspid="172" ordinal="19" offset="154" sl="50" sc="17" el="50" ec="34" bec="2" bev="1" fileid="5" />
                <SequencePoint vc="0" uspid="173" ordinal="20" offset="169" sl="51" sc="21" el="51" ec="45" bec="0" bev="0" fileid="5" />
                <SequencePoint vc="1" uspid="174" ordinal="21" offset="178" sl="53" sc="21" el="53" ec="52" bec="0" bev="0" fileid="5" />
                <SequencePoint vc="4" uspid="175" ordinal="22" offset="187" sl="55" sc="18" el="55" ec="33" bec="2" bev="2" fileid="5" />
                <SequencePoint vc="1" uspid="176" ordinal="23" offset="197" sl="56" sc="13" el="56" ec="14" bec="0" bev="0" fileid="5" />
                <SequencePoint vc="1" uspid="177" ordinal="24" offset="198" sl="57" sc="17" el="57" ec="34" bec="2" bev="1" fileid="5" />
                <SequencePoint vc="0" uspid="178" ordinal="25" offset="213" sl="58" sc="21" el="58" ec="45" bec="0" bev="0" fileid="5" />
                <SequencePoint vc="1" uspid="179" ordinal="26" offset="222" sl="60" sc="21" el="60" ec="52" bec="0" bev="0" fileid="5" />
                <SequencePoint vc="3" uspid="180" ordinal="27" offset="231" sl="62" sc="18" el="62" ec="33" bec="2" bev="2" fileid="5" />
                <SequencePoint vc="1" uspid="181" ordinal="28" offset="241" sl="63" sc="13" el="63" ec="14" bec="0" bev="0" fileid="5" />
                <SequencePoint vc="1" uspid="182" ordinal="29" offset="242" sl="64" sc="17" el="64" ec="34" bec="2" bev="1" fileid="5" />
                <SequencePoint vc="0" uspid="183" ordinal="30" offset="257" sl="65" sc="21" el="65" ec="45" bec="0" bev="0" fileid="5" />
                <SequencePoint vc="1" uspid="184" ordinal="31" offset="266" sl="67" sc="21" el="67" ec="52" bec="0" bev="0" fileid="5" />
                <SequencePoint vc="2" uspid="185" ordinal="32" offset="275" sl="70" sc="17" el="70" ec="50" bec="0" bev="0" fileid="5" />
                <SequencePoint vc="9" uspid="186" ordinal="33" offset="284" sl="71" sc="9" el="71" ec="10" bec="0" bev="0" fileid="5" />
              </SequencePoints>
              <BranchPoints>
                <BranchPoint vc="3" uspid="187" ordinal="0" offset="9" sl="31" path="0" offsetend="11" fileid="5" />
                <BranchPoint vc="6" uspid="188" ordinal="1" offset="9" sl="31" path="1" offsetend="15" fileid="5" />
                <BranchPoint vc="3" uspid="189" ordinal="2" offset="21" sl="33" path="0" offsetend="23" fileid="5" />
                <BranchPoint vc="6" uspid="190" ordinal="3" offset="21" sl="33" path="1" offsetend="27" fileid="5" />
                <BranchPoint vc="3" uspid="191" ordinal="4" offset="33" sl="35" path="0" offsetend="35" fileid="5" />
                <BranchPoint vc="6" uspid="192" ordinal="5" offset="33" sl="35" path="1" offsetend="39" fileid="5" />
                <BranchPoint vc="4" uspid="193" ordinal="6" offset="47" sl="37" path="0" offsetend="49" fileid="5" />
                <BranchPoint vc="5" uspid="194" ordinal="7" offset="47" sl="37" path="1" offsetend="143" fileid="5" />
                <BranchPoint vc="1" uspid="195" ordinal="8" offset="63" sl="39" path="0" offsetend="65" fileid="5" />
                <BranchPoint vc="3" uspid="196" ordinal="9" offset="63" sl="39" path="1" offsetend="77" fileid="5" />
                <BranchPoint vc="1" uspid="197" ordinal="10" offset="90" sl="41" path="0" offsetend="92" fileid="5" />
                <BranchPoint vc="2" uspid="198" ordinal="11" offset="90" sl="41" path="1" offsetend="104" fileid="5" />
                <BranchPoint vc="1" uspid="199" ordinal="12" offset="117" sl="43" path="0" offsetend="119" fileid="5" />
                <BranchPoint vc="1" uspid="200" ordinal="13" offset="117" sl="43" path="1" offsetend="131" fileid="5" />
                <BranchPoint vc="1" uspid="201" ordinal="14" offset="151" sl="48" path="0" offsetend="153" fileid="5" />
                <BranchPoint vc="4" uspid="202" ordinal="15" offset="151" sl="48" path="1" offsetend="187" fileid="5" />
                <BranchPoint vc="0" uspid="203" ordinal="16" offset="167" sl="50" path="0" offsetend="169" fileid="5" />
                <BranchPoint vc="1" uspid="204" ordinal="17" offset="167" sl="50" path="1" offsetend="178" fileid="5" />
                <BranchPoint vc="1" uspid="205" ordinal="18" offset="195" sl="55" path="0" offsetend="197" fileid="5" />
                <BranchPoint vc="3" uspid="206" ordinal="19" offset="195" sl="55" path="1" offsetend="231" fileid="5" />
                <BranchPoint vc="0" uspid="207" ordinal="20" offset="211" sl="57" path="0" offsetend="213" fileid="5" />
                <BranchPoint vc="1" uspid="208" ordinal="21" offset="211" sl="57" path="1" offsetend="222" fileid="5" />
                <BranchPoint vc="1" uspid="209" ordinal="22" offset="239" sl="62" path="0" offsetend="241" fileid="5" />
                <BranchPoint vc="2" uspid="210" ordinal="23" offset="239" sl="62" path="1" offsetend="275" fileid="5" />
                <BranchPoint vc="0" uspid="211" ordinal="24" offset="255" sl="64" path="0" offsetend="257" fileid="5" />
                <BranchPoint vc="1" uspid="212" ordinal="25" offset="255" sl="64" path="1" offsetend="266" fileid="5" />
              </BranchPoints>
              <MethodPoint xsi:type="SequencePoint" vc="9" uspid="153" ordinal="0" offset="0" sl="29" sc="9" el="29" ec="10" bec="0" bev="0" fileid="5" />
            </Method>
            <Method visited="false" cyclomaticComplexity="1" nPathComplexity="0" sequenceCoverage="0" branchCoverage="0" crapScore="2" isConstructor="true" isStatic="false" isGetter="false" isSetter="false">
              <Summary numSequencePoints="0" visitedSequencePoints="0" numBranchPoints="0" visitedBranchPoints="0" sequenceCoverage="0" branchCoverage="0" maxCyclomaticComplexity="1" minCyclomaticComplexity="1" maxCrapScore="2" minCrapScore="2" visitedClasses="0" numClasses="0" visitedMethods="0" numMethods="0" />
              <MetadataToken>100663321</MetadataToken>
              <Name>System.Void DuongHoangLanAnh_Module03.Bai05::.ctor()</Name>
              <SequencePoints />
              <BranchPoints />
              <MethodPoint vc="0" uspid="213" ordinal="0" offset="0" />
            </Method>
          </Methods>
        </Class>
        <Class>
          <Summary numSequencePoints="16" visitedSequencePoints="16" numBranchPoints="8" visitedBranchPoints="8" sequenceCoverage="100" branchCoverage="100" maxCyclomaticComplexity="3" minCyclomaticComplexity="1" maxCrapScore="3" minCrapScore="1" visitedClasses="1" numClasses="1" visitedMethods="4" numMethods="4" />
          <FullName>DuongHoangLanAnh_Module03.Bai06</FullName>
          <Methods>
            <Method visited="true" cyclomaticComplexity="1" nPathComplexity="0" sequenceCoverage="100" branchCoverage="100" crapScore="1" isConstructor="false" isStatic="false" isGetter="true" isSetter="false">
              <Summary numSequencePoints="1" visitedSequencePoints="1" numBranchPoints="1" visitedBranchPoints="1" sequenceCoverage="100" branchCoverage="100" maxCyclomaticComplexity="1" minCyclomaticComplexity="1" maxCrapScore="1" minCrapScore="1" visitedClasses="0" numClasses="0" visitedMethods="1" numMethods="1" />
              <MetadataToken>100663322</MetadataToken>
              <Name>Microsoft.VisualStudio.TestTools.UnitTesting.TestContext DuongHoangLanAnh_Module03.Bai06::get_TestContext()</Name>
              <FileRef uid="6" />
              <SequencePoints>
                <SequencePoint vc="9" uspid="214" ordinal="0" offset="0" sl="13" sc="42" el="13" ec="46" bec="0" bev="0" fileid="6" />
              </SequencePoints>
              <BranchPoints />
              <MethodPoint xsi:type="SequencePoint" vc="9" uspid="214" ordinal="0" offset="0" sl="13" sc="42" el="13" ec="46" bec="0" bev="0" fileid="6" />
            </Method>
            <Method visited="true" cyclomaticComplexity="1" nPathComplexity="0" sequenceCoverage="100" branchCoverage="100" crapScore="1" isConstructor="false" isStatic="false" isGetter="false" isSetter="true">
              <Summary numSequencePoints="1" visitedSequencePoints="1" numBranchPoints="1" visitedBranchPoints="1" sequenceCoverage="100" branchCoverage="100" maxCyclomaticComplexity="1" minCyclomaticComplexity="1" maxCrapScore="1" minCrapScore="1" visitedClasses="0" numClasses="0" visitedMethods="1" numMethods="1" />
              <MetadataToken>100663323</MetadataToken>
              <Name>System.Void DuongHoangLanAnh_Module03.Bai06::set_TestContext(Microsoft.VisualStudio.TestTools.UnitTesting.TestContext)</Name>
              <FileRef uid="6" />
              <SequencePoints>
                <SequencePoint vc="3" uspid="215" ordinal="0" offset="0" sl="13" sc="47" el="13" ec="51" bec="0" bev="0" fileid="6" />
              </SequencePoints>
              <BranchPoints />
              <MethodPoint xsi:type="SequencePoint" vc="3" uspid="215" ordinal="0" offset="0" sl="13" sc="47" el="13" ec="51" bec="0" bev="0" fileid="6" />
            </Method>
            <Method visited="true" cyclomaticComplexity="1" nPathComplexity="0" sequenceCoverage="100" branchCoverage="100" crapScore="1" isConstructor="false" isStatic="false" isGetter="false" isSetter="false">
              <Summary numSequencePoints="7" visitedSequencePoints="7" numBranchPoints="1" visitedBranchPoints="1" sequenceCoverage="100" branchCoverage="100" maxCyclomaticComplexity="1" minCyclomaticComplexity="1" maxCrapScore="1" minCrapScore="1" visitedClasses="0" numClasses="0" visitedMethods="1" numMethods="1" />
              <MetadataToken>100663324</MetadataToken>
              <Name>System.Void DuongHoangLanAnh_Module03.Bai06::Average_DataDrivenTest()</Name>
              <FileRef uid="6" />
              <SequencePoints>
                <SequencePoint vc="3" uspid="216" ordinal="0" offset="0" sl="18" sc="9" el="18" ec="10" bec="0" bev="0" fileid="6" />
                <SequencePoint vc="3" uspid="217" ordinal="1" offset="1" sl="19" sc="13" el="19" ec="71" bec="0" bev="0" fileid="6" />
                <SequencePoint vc="3" uspid="218" ordinal="2" offset="28" sl="20" sc="13" el="20" ec="75" bec="0" bev="0" fileid="6" />
                <SequencePoint vc="3" uspid="219" ordinal="3" offset="55" sl="21" sc="13" el="21" ec="93" bec="0" bev="0" fileid="6" />
                <SequencePoint vc="3" uspid="220" ordinal="4" offset="82" sl="23" sc="13" el="23" ec="49" bec="0" bev="0" fileid="6" />
                <SequencePoint vc="3" uspid="221" ordinal="5" offset="91" sl="24" sc="13" el="24" ec="53" bec="0" bev="0" fileid="6" />
                <SequencePoint vc="3" uspid="222" ordinal="6" offset="99" sl="25" sc="9" el="25" ec="10" bec="0" bev="0" fileid="6" />
              </SequencePoints>
              <BranchPoints />
              <MethodPoint xsi:type="SequencePoint" vc="3" uspid="216" ordinal="0" offset="0" sl="18" sc="9" el="18" ec="10" bec="0" bev="0" fileid="6" />
            </Method>
            <Method visited="true" cyclomaticComplexity="3" nPathComplexity="4" sequenceCoverage="100" branchCoverage="100" crapScore="3" isConstructor="false" isStatic="false" isGetter="false" isSetter="false">
              <Summary numSequencePoints="7" visitedSequencePoints="7" numBranchPoints="5" visitedBranchPoints="5" sequenceCoverage="100" branchCoverage="100" maxCyclomaticComplexity="3" minCyclomaticComplexity="3" maxCrapScore="3" minCrapScore="3" visitedClasses="0" numClasses="0" visitedMethods="1" numMethods="1" />
              <MetadataToken>100663325</MetadataToken>
              <Name>System.Double DuongHoangLanAnh_Module03.Bai06::Average(System.Double,System.Double)</Name>
              <FileRef uid="6" />
              <SequencePoints>
                <SequencePoint vc="3" uspid="223" ordinal="0" offset="0" sl="28" sc="9" el="28" ec="10" bec="0" bev="0" fileid="6" />
                <SequencePoint vc="3" uspid="224" ordinal="1" offset="1" sl="29" sc="13" el="29" ec="28" bec="2" bev="2" fileid="6" />
                <SequencePoint vc="1" uspid="225" ordinal="2" offset="17" sl="30" sc="17" el="30" ec="28" bec="0" bev="0" fileid="6" />
                <SequencePoint vc="2" uspid="226" ordinal="3" offset="21" sl="31" sc="18" el="31" ec="32" bec="2" bev="2" fileid="6" />
                <SequencePoint vc="1" uspid="227" ordinal="4" offset="37" sl="32" sc="17" el="32" ec="36" bec="0" bev="0" fileid="6" />
                <SequencePoint vc="1" uspid="228" ordinal="5" offset="43" sl="34" sc="17" el="34" ec="26" bec="0" bev="0" fileid="6" />
                <SequencePoint vc="3" uspid="229" ordinal="6" offset="55" sl="35" sc="9" el="35" ec="10" bec="0" bev="0" fileid="6" />
              </SequencePoints>
              <BranchPoints>
                <BranchPoint vc="1" uspid="230" ordinal="0" offset="15" sl="29" path="0" offsetend="17" fileid="6" />
                <BranchPoint vc="2" uspid="231" ordinal="1" offset="15" sl="29" path="1" offsetend="21" fileid="6" />
                <BranchPoint vc="1" uspid="232" ordinal="2" offset="35" sl="31" path="0" offsetend="37" fileid="6" />
                <BranchPoint vc="1" uspid="233" ordinal="3" offset="35" sl="31" path="1" offsetend="43" fileid="6" />
              </BranchPoints>
              <MethodPoint xsi:type="SequencePoint" vc="3" uspid="223" ordinal="0" offset="0" sl="28" sc="9" el="28" ec="10" bec="0" bev="0" fileid="6" />
            </Method>
            <Method visited="false" cyclomaticComplexity="1" nPathComplexity="0" sequenceCoverage="0" branchCoverage="0" crapScore="2" isConstructor="true" isStatic="false" isGetter="false" isSetter="false">
              <Summary numSequencePoints="0" visitedSequencePoints="0" numBranchPoints="0" visitedBranchPoints="0" sequenceCoverage="0" branchCoverage="0" maxCyclomaticComplexity="1" minCyclomaticComplexity="1" maxCrapScore="2" minCrapScore="2" visitedClasses="0" numClasses="0" visitedMethods="0" numMethods="0" />
              <MetadataToken>100663326</MetadataToken>
              <Name>System.Void DuongHoangLanAnh_Module03.Bai06::.ctor()</Name>
              <SequencePoints />
              <BranchPoints />
              <MethodPoint vc="0" uspid="234" ordinal="0" offset="0" />
            </Method>
          </Methods>
        </Class>
        <Class>
          <Summary numSequencePoints="22" visitedSequencePoints="22" numBranchPoints="23" visitedBranchPoints="16" sequenceCoverage="100" branchCoverage="69.57" maxCyclomaticComplexity="8" minCyclomaticComplexity="1" maxCrapScore="8" minCrapScore="1" visitedClasses="1" numClasses="1" visitedMethods="4" numMethods="4" />
          <FullName>DuongHoangLanAnh_Module03.Bai07</FullName>
          <Methods>
            <Method visited="true" cyclomaticComplexity="1" nPathComplexity="0" sequenceCoverage="100" branchCoverage="100" crapScore="1" isConstructor="false" isStatic="false" isGetter="true" isSetter="false">
              <Summary numSequencePoints="1" visitedSequencePoints="1" numBranchPoints="1" visitedBranchPoints="1" sequenceCoverage="100" branchCoverage="100" maxCyclomaticComplexity="1" minCyclomaticComplexity="1" maxCrapScore="1" minCrapScore="1" visitedClasses="0" numClasses="0" visitedMethods="1" numMethods="1" />
              <MetadataToken>100663327</MetadataToken>
              <Name>Microsoft.VisualStudio.TestTools.UnitTesting.TestContext DuongHoangLanAnh_Module03.Bai07::get_TestContext()</Name>
              <FileRef uid="7" />
              <SequencePoints>
                <SequencePoint vc="21" uspid="235" ordinal="0" offset="0" sl="13" sc="42" el="13" ec="46" bec="0" bev="0" fileid="7" />
              </SequencePoints>
              <BranchPoints />
              <MethodPoint xsi:type="SequencePoint" vc="21" uspid="235" ordinal="0" offset="0" sl="13" sc="42" el="13" ec="46" bec="0" bev="0" fileid="7" />
            </Method>
            <Method visited="true" cyclomaticComplexity="1" nPathComplexity="0" sequenceCoverage="100" branchCoverage="100" crapScore="1" isConstructor="false" isStatic="false" isGetter="false" isSetter="true">
              <Summary numSequencePoints="1" visitedSequencePoints="1" numBranchPoints="1" visitedBranchPoints="1" sequenceCoverage="100" branchCoverage="100" maxCyclomaticComplexity="1" minCyclomaticComplexity="1" maxCrapScore="1" minCrapScore="1" visitedClasses="0" numClasses="0" visitedMethods="1" numMethods="1" />
              <MetadataToken>100663328</MetadataToken>
              <Name>System.Void DuongHoangLanAnh_Module03.Bai07::set_TestContext(Microsoft.VisualStudio.TestTools.UnitTesting.TestContext)</Name>
              <FileRef uid="7" />
              <SequencePoints>
                <SequencePoint vc="7" uspid="236" ordinal="0" offset="0" sl="13" sc="47" el="13" ec="51" bec="0" bev="0" fileid="7" />
              </SequencePoints>
              <BranchPoints />
              <MethodPoint xsi:type="SequencePoint" vc="7" uspid="236" ordinal="0" offset="0" sl="13" sc="47" el="13" ec="51" bec="0" bev="0" fileid="7" />
            </Method>
            <Method visited="true" cyclomaticComplexity="1" nPathComplexity="0" sequenceCoverage="100" branchCoverage="100" crapScore="1" isConstructor="false" isStatic="false" isGetter="false" isSetter="false">
              <Summary numSequencePoints="7" visitedSequencePoints="7" numBranchPoints="1" visitedBranchPoints="1" sequenceCoverage="100" branchCoverage="100" maxCyclomaticComplexity="1" minCyclomaticComplexity="1" maxCrapScore="1" minCrapScore="1" visitedClasses="0" numClasses="0" visitedMethods="1" numMethods="1" />
              <MetadataToken>100663329</MetadataToken>
              <Name>System.Void DuongHoangLanAnh_Module03.Bai07::DaysInMonth_DataDrivenTest()</Name>
              <FileRef uid="7" />
              <SequencePoints>
                <SequencePoint vc="7" uspid="237" ordinal="0" offset="0" sl="18" sc="9" el="18" ec="10" bec="0" bev="0" fileid="7" />
                <SequencePoint vc="7" uspid="238" ordinal="1" offset="1" sl="19" sc="13" el="19" ec="71" bec="0" bev="0" fileid="7" />
                <SequencePoint vc="7" uspid="239" ordinal="2" offset="28" sl="20" sc="13" el="20" ec="69" bec="0" bev="0" fileid="7" />
                <SequencePoint vc="7" uspid="240" ordinal="3" offset="55" sl="21" sc="13" el="21" ec="89" bec="0" bev="0" fileid="7" />
                <SequencePoint vc="7" uspid="241" ordinal="4" offset="82" sl="23" sc="13" el="23" ec="51" bec="0" bev="0" fileid="7" />
                <SequencePoint vc="7" uspid="242" ordinal="5" offset="91" sl="24" sc="13" el="24" ec="53" bec="0" bev="0" fileid="7" />
                <SequencePoint vc="7" uspid="243" ordinal="6" offset="99" sl="25" sc="9" el="25" ec="10" bec="0" bev="0" fileid="7" />
              </SequencePoints>
              <BranchPoints />
              <MethodPoint xsi:type="SequencePoint" vc="7" uspid="237" ordinal="0" offset="0" sl="18" sc="9" el="18" ec="10" bec="0" bev="0" fileid="7" />
            </Method>
            <Method visited="true" cyclomaticComplexity="8" nPathComplexity="104" sequenceCoverage="100" branchCoverage="65" crapScore="8" isConstructor="false" isStatic="false" isGetter="false" isSetter="false">
              <Summary numSequencePoints="13" visitedSequencePoints="13" numBranchPoints="20" visitedBranchPoints="13" sequenceCoverage="100" branchCoverage="65" maxCyclomaticComplexity="8" minCyclomaticComplexity="8" maxCrapScore="8" minCrapScore="8" visitedClasses="0" numClasses="0" visitedMethods="1" numMethods="1" />
              <MetadataToken>100663330</MetadataToken>
              <Name>System.Int32 DuongHoangLanAnh_Module03.Bai07::DaysInMonth(System.Int32,System.Int32)</Name>
              <FileRef uid="7" />
              <SequencePoints>
                <SequencePoint vc="7" uspid="244" ordinal="0" offset="0" sl="28" sc="9" el="28" ec="10" bec="0" bev="0" fileid="7" />
                <SequencePoint vc="7" uspid="245" ordinal="1" offset="1" sl="29" sc="13" el="29" ec="27" bec="4" bev="4" fileid="7" />
                <SequencePoint vc="1" uspid="246" ordinal="2" offset="63" sl="38" sc="21" el="38" ec="31" bec="0" bev="0" fileid="7" />
                <SequencePoint vc="1" uspid="247" ordinal="3" offset="68" sl="43" sc="21" el="43" ec="31" bec="0" bev="0" fileid="7" />
                <SequencePoint vc="4" uspid="248" ordinal="4" offset="73" sl="45" sc="21" el="45" ec="41" bec="2" bev="2" fileid="7" />
                <SequencePoint vc="1" uspid="249" ordinal="5" offset="87" sl="46" sc="25" el="46" ec="35" bec="0" bev="0" fileid="7" />
                <SequencePoint vc="3" uspid="250" ordinal="6" offset="92" sl="47" sc="26" el="47" ec="46" bec="2" bev="2" fileid="7" />
                <SequencePoint vc="1" uspid="251" ordinal="7" offset="105" sl="48" sc="25" el="48" ec="35" bec="0" bev="0" fileid="7" />
                <SequencePoint vc="2" uspid="252" ordinal="8" offset="110" sl="49" sc="26" el="49" ec="44" bec="2" bev="2" fileid="7" />
                <SequencePoint vc="1" uspid="253" ordinal="9" offset="122" sl="50" sc="25" el="50" ec="35" bec="0" bev="0" fileid="7" />
                <SequencePoint vc="1" uspid="254" ordinal="10" offset="127" sl="52" sc="25" el="52" ec="35" bec="0" bev="0" fileid="7" />
                <SequencePoint vc="1" uspid="255" ordinal="11" offset="132" sl="54" sc="21" el="54" ec="30" bec="0" bev="0" fileid="7" />
                <SequencePoint vc="7" uspid="256" ordinal="12" offset="136" sl="56" sc="9" el="56" ec="10" bec="0" bev="0" fileid="7" />
              </SequencePoints>
              <BranchPoints>
                <BranchPoint vc="1" uspid="257" ordinal="0" offset="8" sl="29" path="0" offsetchain="61" offsetend="132" fileid="7" />
                <BranchPoint vc="1" uspid="258" ordinal="1" offset="8" sl="29" path="1" offsetend="63" fileid="7" />
                <BranchPoint vc="4" uspid="259" ordinal="2" offset="8" sl="29" path="2" offsetend="73" fileid="7" />
                <BranchPoint vc="0" uspid="260" ordinal="3" offset="8" sl="29" path="3" offsetend="63" fileid="7" />
                <BranchPoint vc="1" uspid="261" ordinal="4" offset="8" sl="29" path="4" offsetend="68" fileid="7" />
                <BranchPoint vc="0" uspid="262" ordinal="5" offset="8" sl="29" path="5" offsetend="63" fileid="7" />
                <BranchPoint vc="0" uspid="263" ordinal="6" offset="8" sl="29" path="6" offsetend="68" fileid="7" />
                <BranchPoint vc="0" uspid="264" ordinal="7" offset="8" sl="29" path="7" offsetend="63" fileid="7" />
                <BranchPoint vc="0" uspid="265" ordinal="8" offset="8" sl="29" path="8" offsetend="63" fileid="7" />
                <BranchPoint vc="0" uspid="266" ordinal="9" offset="8" sl="29" path="9" offsetend="68" fileid="7" />
                <BranchPoint vc="0" uspid="267" ordinal="10" offset="8" sl="29" path="10" offsetend="63" fileid="7" />
                <BranchPoint vc="1" uspid="268" ordinal="11" offset="8" sl="29" path="11" offsetend="68" fileid="7" />
                <BranchPoint vc="1" uspid="269" ordinal="12" offset="8" sl="29" path="12" offsetend="63" fileid="7" />
                <BranchPoint vc="1" uspid="270" ordinal="13" offset="85" sl="45" path="0" offsetend="87" fileid="7" />
                <BranchPoint vc="3" uspid="271" ordinal="14" offset="85" sl="45" path="1" offsetend="92" fileid="7" />
                <BranchPoint vc="1" uspid="272" ordinal="15" offset="103" sl="47" path="0" offsetend="105" fileid="7" />
                <BranchPoint vc="2" uspid="273" ordinal="16" offset="103" sl="47" path="1" offsetend="110" fileid="7" />
                <BranchPoint vc="1" uspid="274" ordinal="17" offset="120" sl="49" path="0" offsetend="122" fileid="7" />
                <BranchPoint vc="1" uspid="275" ordinal="18" offset="120" sl="49" path="1" offsetend="127" fileid="7" />
              </BranchPoints>
              <MethodPoint xsi:type="SequencePoint" vc="7" uspid="244" ordinal="0" offset="0" sl="28" sc="9" el="28" ec="10" bec="0" bev="0" fileid="7" />
            </Method>
            <Method visited="false" cyclomaticComplexity="1" nPathComplexity="0" sequenceCoverage="0" branchCoverage="0" crapScore="2" isConstructor="true" isStatic="false" isGetter="false" isSetter="false">
              <Summary numSequencePoints="0" visitedSequencePoints="0" numBranchPoints="0" visitedBranchPoints="0" sequenceCoverage="0" branchCoverage="0" maxCyclomaticComplexity="1" minCyclomaticComplexity="1" maxCrapScore="2" minCrapScore="2" visitedClasses="0" numClasses="0" visitedMethods="0" numMethods="0" />
              <MetadataToken>100663331</MetadataToken>
              <Name>System.Void DuongHoangLanAnh_Module03.Bai07::.ctor()</Name>
              <SequencePoints />
              <BranchPoints />
              <MethodPoint vc="0" uspid="276" ordinal="0" offset="0" />
            </Method>
          </Methods>
        </Class>
        <Class>
          <Summary numSequencePoints="27" visitedSequencePoints="27" numBranchPoints="10" visitedBranchPoints="10" sequenceCoverage="100" branchCoverage="100" maxCyclomaticComplexity="4" minCyclomaticComplexity="1" maxCrapScore="4" minCrapScore="1" visitedClasses="1" numClasses="1" visitedMethods="4" numMethods="4" />
          <FullName>DuongHoangLanAnh_Module03.Bai08</FullName>
          <Methods>
            <Method visited="true" cyclomaticComplexity="1" nPathComplexity="0" sequenceCoverage="100" branchCoverage="100" crapScore="1" isConstructor="false" isStatic="false" isGetter="true" isSetter="false">
              <Summary numSequencePoints="1" visitedSequencePoints="1" numBranchPoints="1" visitedBranchPoints="1" sequenceCoverage="100" branchCoverage="100" maxCyclomaticComplexity="1" minCyclomaticComplexity="1" maxCrapScore="1" minCrapScore="1" visitedClasses="0" numClasses="0" visitedMethods="1" numMethods="1" />
              <MetadataToken>100663332</MetadataToken>
              <Name>Microsoft.VisualStudio.TestTools.UnitTesting.TestContext DuongHoangLanAnh_Module03.Bai08::get_TestContext()</Name>
              <FileRef uid="8" />
              <SequencePoints>
                <SequencePoint vc="16" uspid="277" ordinal="0" offset="0" sl="13" sc="42" el="13" ec="46" bec="0" bev="0" fileid="8" />
              </SequencePoints>
              <BranchPoints />
              <MethodPoint xsi:type="SequencePoint" vc="16" uspid="277" ordinal="0" offset="0" sl="13" sc="42" el="13" ec="46" bec="0" bev="0" fileid="8" />
            </Method>
            <Method visited="true" cyclomaticComplexity="1" nPathComplexity="0" sequenceCoverage="100" branchCoverage="100" crapScore="1" isConstructor="false" isStatic="false" isGetter="false" isSetter="true">
              <Summary numSequencePoints="1" visitedSequencePoints="1" numBranchPoints="1" visitedBranchPoints="1" sequenceCoverage="100" branchCoverage="100" maxCyclomaticComplexity="1" minCyclomaticComplexity="1" maxCrapScore="1" minCrapScore="1" visitedClasses="0" numClasses="0" visitedMethods="1" numMethods="1" />
              <MetadataToken>100663333</MetadataToken>
              <Name>System.Void DuongHoangLanAnh_Module03.Bai08::set_TestContext(Microsoft.VisualStudio.TestTools.UnitTesting.TestContext)</Name>
              <FileRef uid="8" />
              <SequencePoints>
                <SequencePoint vc="4" uspid="278" ordinal="0" offset="0" sl="13" sc="47" el="13" ec="51" bec="0" bev="0" fileid="8" />
              </SequencePoints>
              <BranchPoints />
              <MethodPoint xsi:type="SequencePoint" vc="4" uspid="278" ordinal="0" offset="0" sl="13" sc="47" el="13" ec="51" bec="0" bev="0" fileid="8" />
            </Method>
            <Method visited="true" cyclomaticComplexity="1" nPathComplexity="0" sequenceCoverage="100" branchCoverage="100" crapScore="1" isConstructor="false" isStatic="false" isGetter="false" isSetter="false">
[...]
                <BranchPoint vc="1" uspid="813" ordinal="2" offset="32" sl="43" path="0" offsetend="34" fileid="25" />
                <BranchPoint vc="4" uspid="814" ordinal="3" offset="32" sl="43" path="1" offsetchain="46" offsetend="73" fileid="25" />
                <BranchPoint vc="3" uspid="815" ordinal="4" offset="61" sl="50" path="0" offsetend="63" fileid="25" />
                <BranchPoint vc="24" uspid="816" ordinal="5" offset="61" sl="50" path="1" offsetend="68" fileid="25" />
                <BranchPoint vc="1" uspid="817" ordinal="6" offset="86" sl="48" path="0" offsetend="88" fileid="25" />
                <BranchPoint vc="27" uspid="818" ordinal="7" offset="86" sl="48" path="1" offsetend="48" fileid="25" />
              </BranchPoints>
              <MethodPoint xsi:type="SequencePoint" vc="5" uspid="795" ordinal="0" offset="0" sl="38" sc="9" el="38" ec="10" bec="0" bev="0" fileid="25" />
            </Method>
            <Method visited="false" cyclomaticComplexity="1" nPathComplexity="0" sequenceCoverage="0" branchCoverage="0" crapScore="2" isConstructor="true" isStatic="false" isGetter="false" isSetter="false">
              <Summary numSequencePoints="0" visitedSequencePoints="0" numBranchPoints="0" visitedBranchPoints="0" sequenceCoverage="0" branchCoverage="0" maxCyclomaticComplexity="1" minCyclomaticComplexity="1" maxCrapScore="2" minCrapScore="2" visitedClasses="0" numClasses="0" visitedMethods="0" numMethods="0" />
              <MetadataToken>100663396</MetadataToken>
              <Name>System.Void DuongHoangLanAnh_Module03.Bai20::.ctor()</Name>
              <SequencePoints />
              <BranchPoints />
              <MethodPoint vc="0" uspid="819" ordinal="0" offset="0" />
            </Method>
          </Methods>
        </Class>
        <Class>
          <Summary numSequencePoints="1" visitedSequencePoints="0" numBranchPoints="1" visitedBranchPoints="0" sequenceCoverage="0" branchCoverage="0" maxCyclomaticComplexity="1" minCyclomaticComplexity="1" maxCrapScore="2" minCrapScore="2" visitedClasses="0" numClasses="1" visitedMethods="0" numMethods="1" />
          <FullName>DuongHoangLanAnh_Module03.Bai20/&lt;&gt;c__DisplayClass4_0</FullName>
          <Methods>
            <Method visited="false" cyclomaticComplexity="1" nPathComplexity="0" sequenceCoverage="0" branchCoverage="0" crapScore="2" isConstructor="true" isStatic="false" isGetter="false" isSetter="false">
              <Summary numSequencePoints="0" visitedSequencePoints="0" numBranchPoints="0" visitedBranchPoints="0" sequenceCoverage="0" branchCoverage="0" maxCyclomaticComplexity="1" minCyclomaticComplexity="1" maxCrapScore="2" minCrapScore="2" visitedClasses="0" numClasses="0" visitedMethods="0" numMethods="0" />
              <MetadataToken>100663412</MetadataToken>
              <Name>System.Void DuongHoangLanAnh_Module03.Bai20/&lt;&gt;c__DisplayClass4_0::.ctor()</Name>
              <SequencePoints />
              <BranchPoints />
              <MethodPoint vc="0" uspid="820" ordinal="0" offset="0" />
            </Method>
            <Method visited="false" cyclomaticComplexity="1" nPathComplexity="0" sequenceCoverage="0" branchCoverage="0" crapScore="2" isConstructor="false" isStatic="false" isGetter="false" isSetter="false">
              <Summary numSequencePoints="1" visitedSequencePoints="0" numBranchPoints="1" visitedBranchPoints="0" sequenceCoverage="0" branchCoverage="0" maxCyclomaticComplexity="1" minCyclomaticComplexity="1" maxCrapScore="2" minCrapScore="2" visitedClasses="0" numClasses="0" visitedMethods="0" numMethods="1" />
              <MetadataToken>100663413</MetadataToken>
              <Name>System.Object DuongHoangLanAnh_Module03.Bai20/&lt;&gt;c__DisplayClass4_0::&lt;CharPositionFunction_DataDrivenTest&gt;b__0()</Name>
              <FileRef uid="25" />
              <SequencePoints>
                <SequencePoint vc="0" uspid="821" ordinal="0" offset="0" sl="27" sc="27" el="27" ec="67" bec="0" bev="0" fileid="25" />
              </SequencePoints>
              <BranchPoints />
              <MethodPoint xsi:type="SequencePoint" vc="0" uspid="821" ordinal="0" offset="0" sl="27" sc="27" el="27" ec="67" bec="0" bev="0" fileid="25" />
            </Method>
          </Methods>
        </Class>
        <Class>
          <Summary numSequencePoints="42" visitedSequencePoints="42" numBranchPoints="20" visitedBranchPoints="18" sequenceCoverage="100" branchCoverage="90" maxCyclomaticComplexity="8" minCyclomaticComplexity="1" maxCrapScore="8" minCrapScore="1" visitedClasses="1" numClasses="1" visitedMethods="4" numMethods="4" />
          <FullName>DuongHoangLanAnh_Module03.Bai21</FullName>
          <Methods>
            <Method visited="true" cyclomaticComplexity="1" nPathComplexity="0" sequenceCoverage="100" branchCoverage="100" crapScore="1" isConstructor="false" isStatic="false" isGetter="true" isSetter="false">
              <Summary numSequencePoints="1" visitedSequencePoints="1" numBranchPoints="1" visitedBranchPoints="1" sequenceCoverage="100" branchCoverage="100" maxCyclomaticComplexity="1" minCyclomaticComplexity="1" maxCrapScore="1" minCrapScore="1" visitedClasses="0" numClasses="0" visitedMethods="1" numMethods="1" />
              <MetadataToken>100663397</MetadataToken>
              <Name>Microsoft.VisualStudio.TestTools.UnitTesting.TestContext DuongHoangLanAnh_Module03.Bai21::get_TestContext()</Name>
              <FileRef uid="27" />
              <SequencePoints>
                <SequencePoint vc="15" uspid="822" ordinal="0" offset="0" sl="13" sc="42" el="13" ec="46" bec="0" bev="0" fileid="27" />
              </SequencePoints>
              <BranchPoints />
              <MethodPoint xsi:type="SequencePoint" vc="15" uspid="822" ordinal="0" offset="0" sl="13" sc="42" el="13" ec="46" bec="0" bev="0" fileid="27" />
            </Method>
            <Method visited="true" cyclomaticComplexity="1" nPathComplexity="0" sequenceCoverage="100" branchCoverage="100" crapScore="1" isConstructor="false" isStatic="false" isGetter="false" isSetter="true">
              <Summary numSequencePoints="1" visitedSequencePoints="1" numBranchPoints="1" visitedBranchPoints="1" sequenceCoverage="100" branchCoverage="100" maxCyclomaticComplexity="1" minCyclomaticComplexity="1" maxCrapScore="1" minCrapScore="1" visitedClasses="0" numClasses="0" visitedMethods="1" numMethods="1" />
              <MetadataToken>100663398</MetadataToken>
              <Name>System.Void DuongHoangLanAnh_Module03.Bai21::set_TestContext(Microsoft.VisualStudio.TestTools.UnitTesting.TestContext)</Name>
              <FileRef uid="27" />
              <SequencePoints>
                <SequencePoint vc="5" uspid="823" ordinal="0" offset="0" sl="13" sc="47" el="13" ec="51" bec="0" bev="0" fileid="27" />
              </SequencePoints>
              <BranchPoints />
              <MethodPoint xsi:type="SequencePoint" vc="5" uspid="823" ordinal="0" offset="0" sl="13" sc="47" el="13" ec="51" bec="0" bev="0" fileid="27" />
            </Method>
            <Method visited="true" cyclomaticComplexity="2" nPathComplexity="2" sequenceCoverage="100" branchCoverage="100" crapScore="2" isConstructor="false" isStatic="false" isGetter="false" isSetter="false">
              <Summary numSequencePoints="13" visitedSequencePoints="13" numBranchPoints="3" visitedBranchPoints="3" sequenceCoverage="100" branchCoverage="100" maxCyclomaticComplexity="2" minCyclomaticComplexity="2" maxCrapScore="2" minCrapScore="2" visitedClasses="0" numClasses="0" visitedMethods="1" numMethods="1" />
              <MetadataToken>100663399</MetadataToken>
              <Name>System.Void DuongHoangLanAnh_Module03.Bai21::HexToDecFunction_DataDrivenTest()</Name>
              <FileRef uid="27" />
              <SequencePoints>
                <SequencePoint vc="5" uspid="824" ordinal="0" offset="13" sl="18" sc="9" el="18" ec="10" bec="0" bev="0" fileid="27" />
                <SequencePoint vc="5" uspid="825" ordinal="1" offset="14" sl="19" sc="13" el="19" ec="78" bec="0" bev="0" fileid="27" />
                <SequencePoint vc="5" uspid="826" ordinal="2" offset="46" sl="20" sc="13" el="20" ec="89" bec="0" bev="0" fileid="27" />
                <SequencePoint vc="5" uspid="827" ordinal="3" offset="73" sl="21" sc="13" el="21" ec="90" bec="0" bev="0" fileid="27" />
                <SequencePoint vc="5" uspid="828" ordinal="4" offset="100" sl="23" sc="13" el="23" ec="31" bec="2" bev="2" fileid="27" />
                <SequencePoint vc="1" uspid="829" ordinal="5" offset="105" sl="24" sc="13" el="24" ec="14" bec="0" bev="0" fileid="27" />
                <SequencePoint vc="1" uspid="830" ordinal="6" offset="106" sl="25" sc="17" el="27" ec="19" bec="0" bev="0" fileid="27" />
                <SequencePoint vc="1" uspid="831" ordinal="7" offset="124" sl="28" sc="13" el="28" ec="14" bec="0" bev="0" fileid="27" />
                <SequencePoint vc="4" uspid="832" ordinal="8" offset="127" sl="30" sc="13" el="30" ec="14" bec="0" bev="0" fileid="27" />
                <SequencePoint vc="4" uspid="833" ordinal="9" offset="128" sl="31" sc="17" el="31" ec="51" bec="0" bev="0" fileid="27" />
                <SequencePoint vc="4" uspid="834" ordinal="10" offset="142" sl="32" sc="17" el="32" ec="57" bec="0" bev="0" fileid="27" />
                <SequencePoint vc="4" uspid="835" ordinal="11" offset="151" sl="33" sc="13" el="33" ec="14" bec="0" bev="0" fileid="27" />
                <SequencePoint vc="5" uspid="836" ordinal="12" offset="152" sl="34" sc="9" el="34" ec="10" bec="0" bev="0" fileid="27" />
              </SequencePoints>
              <BranchPoints>
                <BranchPoint vc="1" uspid="837" ordinal="0" offset="103" sl="23" path="0" offsetend="105" fileid="27" />
                <BranchPoint vc="4" uspid="838" ordinal="1" offset="103" sl="23" path="1" offsetend="127" fileid="27" />
              </BranchPoints>
              <MethodPoint vc="5" uspid="839" ordinal="0" offset="0" />
            </Method>
            <Method visited="true" cyclomaticComplexity="8" nPathComplexity="128" sequenceCoverage="100" branchCoverage="86.67" crapScore="8" isConstructor="false" isStatic="false" isGetter="false" isSetter="false">
              <Summary numSequencePoints="27" visitedSequencePoints="27" numBranchPoints="15" visitedBranchPoints="13" sequenceCoverage="100" branchCoverage="86.67" maxCyclomaticComplexity="8" minCyclomaticComplexity="8" maxCrapScore="8" minCrapScore="8" visitedClasses="0" numClasses="0" visitedMethods="1" numMethods="1" />
              <MetadataToken>100663400</MetadataToken>
              <Name>System.Int32 DuongHoangLanAnh_Module03.Bai21::HexToDec(System.String)</Name>
              <FileRef uid="27" />
              <SequencePoints>
                <SequencePoint vc="5" uspid="840" ordinal="0" offset="0" sl="37" sc="9" el="37" ec="10" bec="0" bev="0" fileid="27" />
                <SequencePoint vc="5" uspid="841" ordinal="1" offset="1" sl="39" sc="13" el="39" ec="28" bec="0" bev="0" fileid="27" />
                <SequencePoint vc="5" uspid="842" ordinal="2" offset="3" sl="40" sc="13" el="40" ec="26" bec="0" bev="0" fileid="27" />
                <SequencePoint vc="5" uspid="843" ordinal="3" offset="5" sl="41" sc="13" el="41" ec="23" bec="0" bev="0" fileid="27" />
                <SequencePoint vc="13" uspid="844" ordinal="4" offset="12" sl="44" sc="13" el="44" ec="14" bec="0" bev="0" fileid="27" />
                <SequencePoint vc="13" uspid="845" ordinal="5" offset="13" sl="45" sc="17" el="45" ec="37" bec="0" bev="0" fileid="27" />
                <SequencePoint vc="13" uspid="846" ordinal="6" offset="25" sl="46" sc="17" el="46" ec="42" bec="4" bev="3" fileid="27" />
                <SequencePoint vc="6" uspid="847" ordinal="7" offset="47" sl="47" sc="17" el="47" ec="18" bec="0" bev="0" fileid="27" />
                <SequencePoint vc="6" uspid="848" ordinal="8" offset="48" sl="48" sc="21" el="48" ec="28" bec="0" bev="0" fileid="27" />
                <SequencePoint vc="6" uspid="849" ordinal="9" offset="52" sl="49" sc="21" el="49" ec="56" bec="0" bev="0" fileid="27" />
                <SequencePoint vc="6" uspid="850" ordinal="10" offset="62" sl="50" sc="17" el="50" ec="18" bec="0" bev="0" fileid="27" />
                <SequencePoint vc="7" uspid="851" ordinal="11" offset="65" sl="51" sc="22" el="51" ec="47" bec="4" bev="4" fileid="27" />
                <SequencePoint vc="3" uspid="852" ordinal="12" offset="87" sl="52" sc="17" el="52" ec="18" bec="0" bev="0" fileid="27" />
                <SequencePoint vc="3" uspid="853" ordinal="13" offset="88" sl="53" sc="21" el="53" ec="28" bec="0" bev="0" fileid="27" />
                <SequencePoint vc="3" uspid="854" ordinal="14" offset="92" sl="54" sc="21" el="54" ec="62" bec="0" bev="0" fileid="27" />
                <SequencePoint vc="3" uspid="855" ordinal="15" offset="105" sl="55" sc="17" el="55" ec="18" bec="0" bev="0" fileid="27" />
                <SequencePoint vc="4" uspid="856" ordinal="16" offset="108" sl="56" sc="22" el="56" ec="47" bec="4" bev="3" fileid="27" />
                <SequencePoint vc="3" uspid="857" ordinal="17" offset="130" sl="57" sc="17" el="57" ec="18" bec="0" bev="0" fileid="27" />
                <SequencePoint vc="3" uspid="858" ordinal="18" offset="131" sl="58" sc="21" el="58" ec="28" bec="0" bev="0" fileid="27" />
                <SequencePoint vc="3" uspid="859" ordinal="19" offset="135" sl="59" sc="21" el="59" ec="62" bec="0" bev="0" fileid="27" />
                <SequencePoint vc="3" uspid="860" ordinal="20" offset="148" sl="60" sc="17" el="60" ec="18" bec="0" bev="0" fileid="27" />
                <SequencePoint vc="1" uspid="861" ordinal="21" offset="151" sl="62" sc="17" el="62" ec="18" bec="0" bev="0" fileid="27" />
                <SequencePoint vc="1" uspid="862" ordinal="22" offset="152" sl="63" sc="21" el="63" ec="82" bec="0" bev="0" fileid="27" />
                <SequencePoint vc="12" uspid="863" ordinal="23" offset="163" sl="65" sc="13" el="65" ec="14" bec="0" bev="0" fileid="27" />
                <SequencePoint vc="17" uspid="864" ordinal="24" offset="164" sl="43" sc="13" el="43" ec="42" bec="2" bev="2" fileid="27" />
                <SequencePoint vc="4" uspid="865" ordinal="25" offset="182" sl="67" sc="13" el="67" ec="27" bec="0" bev="0" fileid="27" />
                <SequencePoint vc="4" uspid="866" ordinal="26" offset="187" sl="68" sc="9" el="68" ec="10" bec="0" bev="0" fileid="27" />
              </SequencePoints>
              <BranchPoints>
                <BranchPoint vc="13" uspid="867" ordinal="0" offset="28" sl="46" path="0" offsetend="30" fileid="27" />
                <BranchPoint vc="0" uspid="868" ordinal="1" offset="28" sl="46" path="1" offsetend="40" fileid="27" />
                <BranchPoint vc="6" uspid="869" ordinal="2" offset="45" sl="46" path="0" offsetend="47" fileid="27" />
                <BranchPoint vc="7" uspid="870" ordinal="3" offset="45" sl="46" path="1" offsetend="65" fileid="27" />
                <BranchPoint vc="3" uspid="871" ordinal="4" offset="68" sl="51" path="0" offsetend="70" fileid="27" />
                <BranchPoint vc="4" uspid="872" ordinal="5" offset="68" sl="51" path="1" offsetend="80" fileid="27" />
                <BranchPoint vc="3" uspid="873" ordinal="6" offset="85" sl="51" path="0" offsetend="87" fileid="27" />
                <BranchPoint vc="4" uspid="874" ordinal="7" offset="85" sl="51" path="1" offsetend="108" fileid="27" />
                <BranchPoint vc="4" uspid="875" ordinal="8" offset="111" sl="56" path="0" offsetend="113" fileid="27" />
                <BranchPoint vc="0" uspid="876" ordinal="9" offset="111" sl="56" path="1" offsetend="123" fileid="27" />
                <BranchPoint vc="3" uspid="877" ordinal="10" offset="128" sl="56" path="0" offsetend="130" fileid="27" />
                <BranchPoint vc="1" uspid="878" ordinal="11" offset="128" sl="56" path="1" offsetend="151" fileid="27" />
                <BranchPoint vc="4" uspid="879" ordinal="12" offset="177" sl="43" path="0" offsetend="182" fileid="27" />
                <BranchPoint vc="13" uspid="880" ordinal="13" offset="177" sl="43" path="1" offsetend="12" fileid="27" />
              </BranchPoints>
              <MethodPoint xsi:type="SequencePoint" vc="5" uspid="840" ordinal="0" offset="0" sl="37" sc="9" el="37" ec="10" bec="0" bev="0" fileid="27" />
            </Method>
            <Method visited="false" cyclomaticComplexity="1" nPathComplexity="0" sequenceCoverage="0" branchCoverage="0" crapScore="2" isConstructor="true" isStatic="false" isGetter="false" isSetter="false">
              <Summary numSequencePoints="0" visitedSequencePoints="0" numBranchPoints="0" visitedBranchPoints="0" sequenceCoverage="0" branchCoverage="0" maxCyclomaticComplexity="1" minCyclomaticComplexity="1" maxCrapScore="2" minCrapScore="2" visitedClasses="0" numClasses="0" visitedMethods="0" numMethods="0" />
              <MetadataToken>100663401</MetadataToken>
              <Name>System.Void DuongHoangLanAnh_Module03.Bai21::.ctor()</Name>
              <SequencePoints />
              <BranchPoints />
              <MethodPoint vc="0" uspid="881" ordinal="0" offset="0" />
            </Method>
          </Methods>
        </Class>
        <Class>
          <Summary numSequencePoints="1" visitedSequencePoints="1" numBranchPoints="1" visitedBranchPoints="1" sequenceCoverage="100" branchCoverage="100" maxCyclomaticComplexity="1" minCyclomaticComplexity="1" maxCrapScore="2" minCrapScore="1" visitedClasses="1" numClasses="1" visitedMethods="1" numMethods="1" />
          <FullName>DuongHoangLanAnh_Module03.Bai21/&lt;&gt;c__DisplayClass4_0</FullName>
          <Methods>
            <Method visited="false" cyclomaticComplexity="1" nPathComplexity="0" sequenceCoverage="0" branchCoverage="0" crapScore="2" isConstructor="true" isStatic="false" isGetter="false" isSetter="false">
              <Summary numSequencePoints="0" visitedSequencePoints="0" numBranchPoints="0" visitedBranchPoints="0" sequenceCoverage="0" branchCoverage="0" maxCyclomaticComplexity="1" minCyclomaticComplexity="1" maxCrapScore="2" minCrapScore="2" visitedClasses="0" numClasses="0" visitedMethods="0" numMethods="0" />
              <MetadataToken>100663414</MetadataToken>
              <Name>System.Void DuongHoangLanAnh_Module03.Bai21/&lt;&gt;c__DisplayClass4_0::.ctor()</Name>
              <SequencePoints />
              <BranchPoints />
              <MethodPoint vc="0" uspid="882" ordinal="0" offset="0" />
            </Method>
            <Method visited="true" cyclomaticComplexity="1" nPathComplexity="0" sequenceCoverage="100" branchCoverage="100" crapScore="1" isConstructor="false" isStatic="false" isGetter="false" isSetter="false">
              <Summary numSequencePoints="1" visitedSequencePoints="1" numBranchPoints="1" visitedBranchPoints="1" sequenceCoverage="100" branchCoverage="100" maxCyclomaticComplexity="1" minCyclomaticComplexity="1" maxCrapScore="1" minCrapScore="1" visitedClasses="0" numClasses="0" visitedMethods="1" numMethods="1" />
              <MetadataToken>100663415</MetadataToken>
              <Name>System.Object DuongHoangLanAnh_Module03.Bai21/&lt;&gt;c__DisplayClass4_0::&lt;HexToDecFunction_DataDrivenTest&gt;b__0()</Name>
              <FileRef uid="27" />
              <SequencePoints>
                <SequencePoint vc="1" uspid="883" ordinal="0" offset="0" sl="26" sc="27" el="26" ec="47" bec="0" bev="0" fileid="27" />
              </SequencePoints>
              <BranchPoints />
              <MethodPoint xsi:type="SequencePoint" vc="1" uspid="883" ordinal="0" offset="0" sl="26" sc="27" el="26" ec="47" bec="0" bev="0" fileid="27" />
            </Method>
          </Methods>
        </Class>
      </Classes>
    </Module>
  </Modules>
</CoverageSession>